<?xml version="1.0" encoding="utf-8"?>
<CoverageSession>
  <Summary numSequencePoints="372" visitedSequencePoints="225" numBranchPoints="104" visitedBranchPoints="64" sequenceCoverage="60.48" branchCoverage="61.53" maxCyclomaticComplexity="132" minCyclomaticComplexity="132" visitedClasses="9" numClasses="10" visitedMethods="38" numMethods="48" />
  <Modules>
    <Module hash="A97B737E-90BC-42A5-9C1E-BF3EE0047AE1">
      <ModulePath>TaskIt.Dotnet.Versions.dll</ModulePath>
      <ModuleTime>2020-01-10T04:29:29</ModuleTime>
      <ModuleName>TaskIt.Dotnet.Versions</ModuleName>
      <Files>
        <File uid="1" fullPath="C:\Data\Jenkins\workspace\TaskIt.Dotnet.Versions\MRP_TaskIt.Dotnet.Versions\TaskIt.Dotnet.Versions\Program.cs" />
        <File uid="2" fullPath="C:\Data\Jenkins\workspace\TaskIt.Dotnet.Versions\MRP_TaskIt.Dotnet.Versions\TaskIt.Dotnet.Versions\Util\ContentUtil.cs" />
        <File uid="3" fullPath="C:\Data\Jenkins\workspace\TaskIt.Dotnet.Versions\MRP_TaskIt.Dotnet.Versions\TaskIt.Dotnet.Versions\Util\FileUtil.cs" />
        <File uid="4" fullPath="C:\Data\Jenkins\workspace\TaskIt.Dotnet.Versions\MRP_TaskIt.Dotnet.Versions\TaskIt.Dotnet.Versions\Util\RegexUtil.cs" />
        <File uid="5" fullPath="C:\Data\Jenkins\workspace\TaskIt.Dotnet.Versions\MRP_TaskIt.Dotnet.Versions\TaskIt.Dotnet.Versions\Types\Modifier.cs" />
        <File uid="6" fullPath="C:\Data\Jenkins\workspace\TaskIt.Dotnet.Versions\MRP_TaskIt.Dotnet.Versions\TaskIt.Dotnet.Versions\Types\ProjectVersion.cs" />
        <File uid="7" fullPath="C:\Data\Jenkins\workspace\TaskIt.Dotnet.Versions\MRP_TaskIt.Dotnet.Versions\TaskIt.Dotnet.Versions\Types\Result.cs" />
        <File uid="8" fullPath="C:\Data\Jenkins\workspace\TaskIt.Dotnet.Versions\MRP_TaskIt.Dotnet.Versions\TaskIt.Dotnet.Versions\Options\baseOptions.cs" />
        <File uid="9" fullPath="C:\Data\Jenkins\workspace\TaskIt.Dotnet.Versions\MRP_TaskIt.Dotnet.Versions\TaskIt.Dotnet.Versions\Options\ModOptions.cs" />
        <File uid="10" fullPath="C:\Data\Jenkins\workspace\TaskIt.Dotnet.Versions\MRP_TaskIt.Dotnet.Versions\TaskIt.Dotnet.Versions\Options\SetOptions.cs" />
      </Files>
      <Classes>
        <Class>
          <Summary numSequencePoints="97" visitedSequencePoints="38" numBranchPoints="36" visitedBranchPoints="14" sequenceCoverage="39.17" branchCoverage="38.88" maxCyclomaticComplexity="12" minCyclomaticComplexity="1" visitedClasses="1" numClasses="1" visitedMethods="3" numMethods="6" />
          <FullName>TaskIt.Dotnet.Versions.Program</FullName>
          <Methods>
            <Method cyclomaticComplexity="12" nPathComplexity="0" sequenceCoverage="100" branchCoverage="100" isConstructor="False" isGetter="False" isSetter="False" isStatic="True">
              <Summary numSequencePoints="24" visitedSequencePoints="24" numBranchPoints="12" visitedBranchPoints="12" sequenceCoverage="100" branchCoverage="100" maxCyclomaticComplexity="12" minCyclomaticComplexity="12" visitedClasses="0" numClasses="0" visitedMethods="1" numMethods="1" />
              <MetadataToken />
              <Name>System.Int32 TaskIt.Dotnet.Versions.Program::Main(System.String[])</Name>
              <FileRef uid="1" />
              <SequencePoints>
                <SequencePoint vc="4" uspid="29" ordinal="0" sl="29" sc="1" el="29" ec="2" bec="0" bev="0" fileid="1" />
                <SequencePoint vc="4" uspid="30" ordinal="1" sl="30" sc="1" el="30" ec="2" bec="0" bev="0" fileid="1" />
                <SequencePoint vc="4" uspid="31" ordinal="2" sl="31" sc="1" el="31" ec="2" bec="0" bev="0" fileid="1" />
                <SequencePoint vc="4" uspid="32" ordinal="3" sl="32" sc="1" el="32" ec="2" bec="0" bev="0" fileid="1" />
                <SequencePoint vc="4" uspid="33" ordinal="4" sl="33" sc="1" el="33" ec="2" bec="0" bev="0" fileid="1" />
                <SequencePoint vc="4" uspid="35" ordinal="5" sl="35" sc="1" el="35" ec="2" bec="0" bev="0" fileid="1" />
                <SequencePoint vc="4" uspid="36" ordinal="6" sl="36" sc="1" el="36" ec="2" bec="0" bev="0" fileid="1" />
                <SequencePoint vc="4" uspid="39" ordinal="7" sl="39" sc="1" el="39" ec="2" bec="0" bev="0" fileid="1" />
                <SequencePoint vc="4" uspid="40" ordinal="8" sl="40" sc="1" el="40" ec="2" bec="0" bev="0" fileid="1" />
                <SequencePoint vc="6" uspid="41" ordinal="9" sl="41" sc="1" el="41" ec="2" bec="0" bev="0" fileid="1" />
                <SequencePoint vc="6" uspid="42" ordinal="10" sl="42" sc="1" el="42" ec="2" bec="0" bev="0" fileid="1" />
                <SequencePoint vc="4" uspid="43" ordinal="11" sl="43" sc="1" el="43" ec="2" bec="0" bev="0" fileid="1" />
                <SequencePoint vc="2" uspid="45" ordinal="12" sl="45" sc="1" el="45" ec="2" bec="0" bev="0" fileid="1" />
                <SequencePoint vc="2" uspid="46" ordinal="13" sl="46" sc="1" el="46" ec="2" bec="0" bev="0" fileid="1" />
                <SequencePoint vc="2" uspid="47" ordinal="14" sl="47" sc="1" el="47" ec="2" bec="0" bev="0" fileid="1" />
                <SequencePoint vc="2" uspid="48" ordinal="15" sl="48" sc="1" el="48" ec="2" bec="0" bev="0" fileid="1" />
                <SequencePoint vc="2" uspid="49" ordinal="16" sl="49" sc="1" el="49" ec="2" bec="0" bev="0" fileid="1" />
                <SequencePoint vc="4" uspid="51" ordinal="17" sl="51" sc="1" el="51" ec="2" bec="0" bev="0" fileid="1" />
                <SequencePoint vc="2" uspid="52" ordinal="18" sl="52" sc="1" el="52" ec="2" bec="0" bev="0" fileid="1" />
                <SequencePoint vc="2" uspid="53" ordinal="19" sl="53" sc="1" el="53" ec="2" bec="0" bev="0" fileid="1" />
                <SequencePoint vc="2" uspid="54" ordinal="20" sl="54" sc="1" el="54" ec="2" bec="0" bev="0" fileid="1" />
                <SequencePoint vc="4" uspid="56" ordinal="21" sl="56" sc="1" el="56" ec="2" bec="0" bev="0" fileid="1" />
                <SequencePoint vc="4" uspid="57" ordinal="22" sl="57" sc="1" el="57" ec="2" bec="0" bev="0" fileid="1" />
                <SequencePoint vc="4" uspid="58" ordinal="23" sl="58" sc="1" el="58" ec="2" bec="0" bev="0" fileid="1" />
              </SequencePoints>
              <BranchPoints>
                <BranchPoint vc="1" uspid="40" ordinal="0" path="0" offset="64" offsetend="66" sl="40" fileid="1" />
                <BranchPoint vc="4" uspid="40" ordinal="1" path="1" offset="64" offsetend="89" sl="40" fileid="1" />
                <BranchPoint vc="1" uspid="40" ordinal="2" path="0" offset="95" offsetend="97" sl="40" fileid="1" />
                <BranchPoint vc="4" uspid="40" ordinal="3" path="1" offset="95" offsetend="120" sl="40" fileid="1" />
                <BranchPoint vc="1" uspid="40" ordinal="4" path="0" offset="126" offsetend="128" sl="40" fileid="1" />
                <BranchPoint vc="4" uspid="40" ordinal="5" path="1" offset="126" offsetend="151" sl="40" fileid="1" />
                <BranchPoint vc="2" uspid="51" ordinal="6" path="0" offset="179" offsetend="181" sl="51" fileid="1" />
                <BranchPoint vc="2" uspid="51" ordinal="7" path="1" offset="179" offsetend="192" sl="51" fileid="1" />
                <BranchPoint vc="2" uspid="51" ordinal="8" path="0" offset="195" offsetend="197" sl="51" fileid="1" />
                <BranchPoint vc="4" uspid="51" ordinal="9" path="1" offset="195" offsetend="232" sl="51" fileid="1" />
                <BranchPoint vc="2" uspid="57" ordinal="10" path="0" offset="255" offsetend="257" sl="57" fileid="1" />
                <BranchPoint vc="2" uspid="57" ordinal="11" path="1" offset="255" offsetend="265" sl="57" fileid="1" />
              </BranchPoints>
              <MethodPoint vc="24" uspid="0" p8:type="SequencePoint" ordinal="0" offset="0" sc="0" sl="29" ec="1" el="58" bec="0" bev="0" fileid="1" xmlns:p8="xsi" />
            </Method>
            <Method cyclomaticComplexity="4" nPathComplexity="0" sequenceCoverage="53.84" branchCoverage="25" isConstructor="False" isGetter="False" isSetter="False" isStatic="True">
              <Summary numSequencePoints="13" visitedSequencePoints="7" numBranchPoints="4" visitedBranchPoints="1" sequenceCoverage="53.84" branchCoverage="25" maxCyclomaticComplexity="4" minCyclomaticComplexity="4" visitedClasses="0" numClasses="0" visitedMethods="1" numMethods="1" />
              <MetadataToken />
              <Name>TaskIt.Dotnet.Versions.Types.Result TaskIt.Dotnet.Versions.Program::SetVersions(TaskIt.Dotnet.Versions.Options.SetOptions)</Name>
              <FileRef uid="1" />
              <SequencePoints>
                <SequencePoint vc="2" uspid="68" ordinal="0" sl="68" sc="1" el="68" ec="2" bec="0" bev="0" fileid="1" />
                <SequencePoint vc="2" uspid="69" ordinal="1" sl="69" sc="1" el="69" ec="2" bec="0" bev="0" fileid="1" />
                <SequencePoint vc="2" uspid="70" ordinal="2" sl="70" sc="1" el="70" ec="2" bec="0" bev="0" fileid="1" />
                <SequencePoint vc="1" uspid="73" ordinal="3" sl="73" sc="1" el="73" ec="2" bec="0" bev="0" fileid="1" />
                <SequencePoint vc="3" uspid="74" ordinal="4" sl="74" sc="1" el="74" ec="2" bec="0" bev="0" fileid="1" />
                <SequencePoint vc="0" uspid="75" ordinal="5" sl="75" sc="1" el="75" ec="2" bec="0" bev="0" fileid="1" />
                <SequencePoint vc="0" uspid="76" ordinal="6" sl="76" sc="1" el="76" ec="2" bec="0" bev="0" fileid="1" />
                <SequencePoint vc="0" uspid="77" ordinal="7" sl="77" sc="1" el="77" ec="2" bec="0" bev="0" fileid="1" />
                <SequencePoint vc="0" uspid="78" ordinal="8" sl="78" sc="1" el="78" ec="2" bec="0" bev="0" fileid="1" />
                <SequencePoint vc="0" uspid="79" ordinal="9" sl="79" sc="1" el="79" ec="2" bec="0" bev="0" fileid="1" />
                <SequencePoint vc="0" uspid="81" ordinal="10" sl="81" sc="1" el="81" ec="2" bec="0" bev="0" fileid="1" />
                <SequencePoint vc="1" uspid="83" ordinal="11" sl="83" sc="1" el="83" ec="2" bec="0" bev="0" fileid="1" />
                <SequencePoint vc="1" uspid="84" ordinal="12" sl="84" sc="1" el="84" ec="2" bec="0" bev="0" fileid="1" />
              </SequencePoints>
              <BranchPoints>
                <BranchPoint vc="0" uspid="74" ordinal="3" path="1" offset="82" offsetend="40" sl="74" fileid="1" />
                <BranchPoint vc="0" uspid="77" ordinal="0" path="0" offset="65" offsetend="67" sl="77" fileid="1" />
                <BranchPoint vc="0" uspid="77" ordinal="1" path="1" offset="65" offsetend="70" sl="77" fileid="1" />
                <BranchPoint vc="1" uspid="74" ordinal="2" path="0" offset="82" offsetend="84" sl="74" fileid="1" />
              </BranchPoints>
              <MethodPoint vc="7" uspid="0" p8:type="SequencePoint" ordinal="1" offset="1" sc="0" sl="68" ec="1" el="84" bec="0" bev="0" fileid="1" xmlns:p8="xsi" />
            </Method>
            <Method cyclomaticComplexity="8" nPathComplexity="0" sequenceCoverage="0" branchCoverage="0" isConstructor="False" isGetter="False" isSetter="False" isStatic="True">
              <Summary numSequencePoints="22" visitedSequencePoints="0" numBranchPoints="8" visitedBranchPoints="0" sequenceCoverage="0" branchCoverage="0" maxCyclomaticComplexity="8" minCyclomaticComplexity="8" visitedClasses="0" numClasses="0" visitedMethods="0" numMethods="1" />
              <MetadataToken />
              <Name>TaskIt.Dotnet.Versions.Types.Result TaskIt.Dotnet.Versions.Program::SetVersion(System.String,TaskIt.Dotnet.Versions.Types.Modifier,TaskIt.Dotnet.Versions.Options.BaseOptions)</Name>
              <FileRef uid="1" />
              <SequencePoints>
                <SequencePoint vc="0" uspid="94" ordinal="0" sl="94" sc="1" el="94" ec="2" bec="0" bev="0" fileid="1" />
                <SequencePoint vc="0" uspid="96" ordinal="1" sl="96" sc="1" el="96" ec="2" bec="0" bev="0" fileid="1" />
                <SequencePoint vc="0" uspid="97" ordinal="2" sl="97" sc="1" el="97" ec="2" bec="0" bev="0" fileid="1" />
                <SequencePoint vc="0" uspid="98" ordinal="3" sl="98" sc="1" el="98" ec="2" bec="0" bev="0" fileid="1" />
                <SequencePoint vc="0" uspid="99" ordinal="4" sl="99" sc="1" el="99" ec="2" bec="0" bev="0" fileid="1" />
                <SequencePoint vc="0" uspid="103" ordinal="5" sl="103" sc="1" el="103" ec="2" bec="0" bev="0" fileid="1" />
                <SequencePoint vc="0" uspid="104" ordinal="6" sl="104" sc="1" el="104" ec="2" bec="0" bev="0" fileid="1" />
                <SequencePoint vc="0" uspid="105" ordinal="7" sl="105" sc="1" el="105" ec="2" bec="0" bev="0" fileid="1" />
                <SequencePoint vc="0" uspid="108" ordinal="8" sl="108" sc="1" el="108" ec="2" bec="0" bev="0" fileid="1" />
                <SequencePoint vc="0" uspid="109" ordinal="9" sl="109" sc="1" el="109" ec="2" bec="0" bev="0" fileid="1" />
                <SequencePoint vc="0" uspid="111" ordinal="10" sl="111" sc="1" el="111" ec="2" bec="0" bev="0" fileid="1" />
                <SequencePoint vc="0" uspid="112" ordinal="11" sl="112" sc="1" el="112" ec="2" bec="0" bev="0" fileid="1" />
                <SequencePoint vc="0" uspid="113" ordinal="12" sl="113" sc="1" el="113" ec="2" bec="0" bev="0" fileid="1" />
                <SequencePoint vc="0" uspid="114" ordinal="13" sl="114" sc="1" el="114" ec="2" bec="0" bev="0" fileid="1" />
                <SequencePoint vc="0" uspid="116" ordinal="14" sl="116" sc="1" el="116" ec="2" bec="0" bev="0" fileid="1" />
                <SequencePoint vc="0" uspid="117" ordinal="15" sl="117" sc="1" el="117" ec="2" bec="0" bev="0" fileid="1" />
                <SequencePoint vc="0" uspid="118" ordinal="16" sl="118" sc="1" el="118" ec="2" bec="0" bev="0" fileid="1" />
                <SequencePoint vc="0" uspid="119" ordinal="17" sl="119" sc="1" el="119" ec="2" bec="0" bev="0" fileid="1" />
                <SequencePoint vc="0" uspid="120" ordinal="18" sl="120" sc="1" el="120" ec="2" bec="0" bev="0" fileid="1" />
                <SequencePoint vc="0" uspid="121" ordinal="19" sl="121" sc="1" el="121" ec="2" bec="0" bev="0" fileid="1" />
                <SequencePoint vc="0" uspid="122" ordinal="20" sl="122" sc="1" el="122" ec="2" bec="0" bev="0" fileid="1" />
                <SequencePoint vc="0" uspid="123" ordinal="21" sl="123" sc="1" el="123" ec="2" bec="0" bev="0" fileid="1" />
              </SequencePoints>
              <BranchPoints>
                <BranchPoint vc="0" uspid="97" ordinal="0" path="0" offset="18" offsetend="20" sl="97" fileid="1" />
                <BranchPoint vc="0" uspid="97" ordinal="1" path="1" offset="18" offsetend="26" sl="97" fileid="1" />
                <BranchPoint vc="0" uspid="108" ordinal="2" path="0" offset="79" offsetend="81" sl="108" fileid="1" />
                <BranchPoint vc="0" uspid="111" ordinal="4" path="0" offset="92" offsetend="94" sl="111" fileid="1" />
                <BranchPoint vc="0" uspid="111" ordinal="5" path="1" offset="92" offsetend="103" sl="111" fileid="1" />
                <BranchPoint vc="0" uspid="117" ordinal="6" path="0" offset="119" offsetend="121" sl="117" fileid="1" />
                <BranchPoint vc="0" uspid="117" ordinal="7" path="1" offset="119" offsetend="140" sl="117" fileid="1" />
                <BranchPoint vc="0" uspid="108" ordinal="3" path="1" offset="79" offsetend="141" sl="108" fileid="1" />
              </BranchPoints>
              <MethodPoint vc="0" uspid="0" p8:type="SequencePoint" ordinal="2" offset="2" sc="0" sl="94" ec="1" el="123" bec="0" bev="0" fileid="1" xmlns:p8="xsi" />
            </Method>
            <Method cyclomaticComplexity="4" nPathComplexity="0" sequenceCoverage="53.84" branchCoverage="25" isConstructor="False" isGetter="False" isSetter="False" isStatic="True">
              <Summary numSequencePoints="13" visitedSequencePoints="7" numBranchPoints="4" visitedBranchPoints="1" sequenceCoverage="53.84" branchCoverage="25" maxCyclomaticComplexity="4" minCyclomaticComplexity="4" visitedClasses="0" numClasses="0" visitedMethods="1" numMethods="1" />
              <MetadataToken />
              <Name>TaskIt.Dotnet.Versions.Types.Result TaskIt.Dotnet.Versions.Program::ModifyVersions(TaskIt.Dotnet.Versions.Options.ModOptions)</Name>
              <FileRef uid="1" />
              <SequencePoints>
                <SequencePoint vc="2" uspid="131" ordinal="0" sl="131" sc="1" el="131" ec="2" bec="0" bev="0" fileid="1" />
                <SequencePoint vc="2" uspid="132" ordinal="1" sl="132" sc="1" el="132" ec="2" bec="0" bev="0" fileid="1" />
                <SequencePoint vc="2" uspid="133" ordinal="2" sl="133" sc="1" el="133" ec="2" bec="0" bev="0" fileid="1" />
                <SequencePoint vc="1" uspid="135" ordinal="3" sl="135" sc="1" el="135" ec="2" bec="0" bev="0" fileid="1" />
                <SequencePoint vc="3" uspid="136" ordinal="4" sl="136" sc="1" el="136" ec="2" bec="0" bev="0" fileid="1" />
                <SequencePoint vc="0" uspid="137" ordinal="5" sl="137" sc="1" el="137" ec="2" bec="0" bev="0" fileid="1" />
                <SequencePoint vc="0" uspid="138" ordinal="6" sl="138" sc="1" el="138" ec="2" bec="0" bev="0" fileid="1" />
                <SequencePoint vc="0" uspid="139" ordinal="7" sl="139" sc="1" el="139" ec="2" bec="0" bev="0" fileid="1" />
                <SequencePoint vc="0" uspid="140" ordinal="8" sl="140" sc="1" el="140" ec="2" bec="0" bev="0" fileid="1" />
                <SequencePoint vc="0" uspid="141" ordinal="9" sl="141" sc="1" el="141" ec="2" bec="0" bev="0" fileid="1" />
                <SequencePoint vc="0" uspid="143" ordinal="10" sl="143" sc="1" el="143" ec="2" bec="0" bev="0" fileid="1" />
                <SequencePoint vc="1" uspid="145" ordinal="11" sl="145" sc="1" el="145" ec="2" bec="0" bev="0" fileid="1" />
                <SequencePoint vc="1" uspid="146" ordinal="12" sl="146" sc="1" el="146" ec="2" bec="0" bev="0" fileid="1" />
              </SequencePoints>
              <BranchPoints>
                <BranchPoint vc="0" uspid="136" ordinal="3" path="1" offset="94" offsetend="52" sl="136" fileid="1" />
                <BranchPoint vc="0" uspid="139" ordinal="0" path="0" offset="77" offsetend="79" sl="139" fileid="1" />
                <BranchPoint vc="0" uspid="139" ordinal="1" path="1" offset="77" offsetend="82" sl="139" fileid="1" />
                <BranchPoint vc="1" uspid="136" ordinal="2" path="0" offset="94" offsetend="96" sl="136" fileid="1" />
              </BranchPoints>
              <MethodPoint vc="7" uspid="0" p8:type="SequencePoint" ordinal="3" offset="3" sc="0" sl="131" ec="1" el="146" bec="0" bev="0" fileid="1" xmlns:p8="xsi" />
            </Method>
            <Method cyclomaticComplexity="8" nPathComplexity="0" sequenceCoverage="0" branchCoverage="0" isConstructor="False" isGetter="False" isSetter="False" isStatic="True">
              <Summary numSequencePoints="22" visitedSequencePoints="0" numBranchPoints="8" visitedBranchPoints="0" sequenceCoverage="0" branchCoverage="0" maxCyclomaticComplexity="8" minCyclomaticComplexity="8" visitedClasses="0" numClasses="0" visitedMethods="0" numMethods="1" />
              <MetadataToken />
              <Name>TaskIt.Dotnet.Versions.Types.Result TaskIt.Dotnet.Versions.Program::ModifyVersion(System.String,TaskIt.Dotnet.Versions.Types.Modifier,TaskIt.Dotnet.Versions.Options.BaseOptions)</Name>
              <FileRef uid="1" />
              <SequencePoints>
                <SequencePoint vc="0" uspid="156" ordinal="0" sl="156" sc="1" el="156" ec="2" bec="0" bev="0" fileid="1" />
                <SequencePoint vc="0" uspid="158" ordinal="1" sl="158" sc="1" el="158" ec="2" bec="0" bev="0" fileid="1" />
                <SequencePoint vc="0" uspid="159" ordinal="2" sl="159" sc="1" el="159" ec="2" bec="0" bev="0" fileid="1" />
                <SequencePoint vc="0" uspid="160" ordinal="3" sl="160" sc="1" el="160" ec="2" bec="0" bev="0" fileid="1" />
                <SequencePoint vc="0" uspid="161" ordinal="4" sl="161" sc="1" el="161" ec="2" bec="0" bev="0" fileid="1" />
                <SequencePoint vc="0" uspid="165" ordinal="5" sl="165" sc="1" el="165" ec="2" bec="0" bev="0" fileid="1" />
                <SequencePoint vc="0" uspid="166" ordinal="6" sl="166" sc="1" el="166" ec="2" bec="0" bev="0" fileid="1" />
                <SequencePoint vc="0" uspid="167" ordinal="7" sl="167" sc="1" el="167" ec="2" bec="0" bev="0" fileid="1" />
                <SequencePoint vc="0" uspid="170" ordinal="8" sl="170" sc="1" el="170" ec="2" bec="0" bev="0" fileid="1" />
                <SequencePoint vc="0" uspid="171" ordinal="9" sl="171" sc="1" el="171" ec="2" bec="0" bev="0" fileid="1" />
                <SequencePoint vc="0" uspid="173" ordinal="10" sl="173" sc="1" el="173" ec="2" bec="0" bev="0" fileid="1" />
                <SequencePoint vc="0" uspid="174" ordinal="11" sl="174" sc="1" el="174" ec="2" bec="0" bev="0" fileid="1" />
                <SequencePoint vc="0" uspid="175" ordinal="12" sl="175" sc="1" el="175" ec="2" bec="0" bev="0" fileid="1" />
                <SequencePoint vc="0" uspid="176" ordinal="13" sl="176" sc="1" el="176" ec="2" bec="0" bev="0" fileid="1" />
                <SequencePoint vc="0" uspid="178" ordinal="14" sl="178" sc="1" el="178" ec="2" bec="0" bev="0" fileid="1" />
                <SequencePoint vc="0" uspid="179" ordinal="15" sl="179" sc="1" el="179" ec="2" bec="0" bev="0" fileid="1" />
                <SequencePoint vc="0" uspid="180" ordinal="16" sl="180" sc="1" el="180" ec="2" bec="0" bev="0" fileid="1" />
                <SequencePoint vc="0" uspid="181" ordinal="17" sl="181" sc="1" el="181" ec="2" bec="0" bev="0" fileid="1" />
                <SequencePoint vc="0" uspid="182" ordinal="18" sl="182" sc="1" el="182" ec="2" bec="0" bev="0" fileid="1" />
                <SequencePoint vc="0" uspid="183" ordinal="19" sl="183" sc="1" el="183" ec="2" bec="0" bev="0" fileid="1" />
                <SequencePoint vc="0" uspid="186" ordinal="20" sl="186" sc="1" el="186" ec="2" bec="0" bev="0" fileid="1" />
                <SequencePoint vc="0" uspid="187" ordinal="21" sl="187" sc="1" el="187" ec="2" bec="0" bev="0" fileid="1" />
              </SequencePoints>
              <BranchPoints>
                <BranchPoint vc="0" uspid="159" ordinal="0" path="0" offset="18" offsetend="20" sl="159" fileid="1" />
                <BranchPoint vc="0" uspid="159" ordinal="1" path="1" offset="18" offsetend="26" sl="159" fileid="1" />
                <BranchPoint vc="0" uspid="170" ordinal="2" path="0" offset="79" offsetend="81" sl="170" fileid="1" />
                <BranchPoint vc="0" uspid="173" ordinal="4" path="0" offset="92" offsetend="94" sl="173" fileid="1" />
                <BranchPoint vc="0" uspid="173" ordinal="5" path="1" offset="92" offsetend="103" sl="173" fileid="1" />
                <BranchPoint vc="0" uspid="179" ordinal="6" path="0" offset="119" offsetend="121" sl="179" fileid="1" />
                <BranchPoint vc="0" uspid="179" ordinal="7" path="1" offset="119" offsetend="140" sl="179" fileid="1" />
                <BranchPoint vc="0" uspid="170" ordinal="3" path="1" offset="79" offsetend="141" sl="170" fileid="1" />
              </BranchPoints>
              <MethodPoint vc="0" uspid="0" p8:type="SequencePoint" ordinal="4" offset="4" sc="0" sl="156" ec="1" el="187" bec="0" bev="0" fileid="1" xmlns:p8="xsi" />
            </Method>
            <Method cyclomaticComplexity="1" nPathComplexity="0" sequenceCoverage="0" branchCoverage="100" isConstructor="True" isGetter="False" isSetter="False" isStatic="True">
              <Summary numSequencePoints="3" visitedSequencePoints="0" numBranchPoints="0" visitedBranchPoints="0" sequenceCoverage="0" branchCoverage="100" maxCyclomaticComplexity="1" minCyclomaticComplexity="1" visitedClasses="0" numClasses="0" visitedMethods="0" numMethods="1" />
              <MetadataToken />
              <Name>System.Void TaskIt.Dotnet.Versions.Program::.ctor()</Name>
              <FileRef uid="1" />
              <SequencePoints>
                <SequencePoint vc="0" uspid="18" ordinal="0" sl="18" sc="1" el="18" ec="2" bec="0" bev="0" fileid="1" />
                <SequencePoint vc="0" uspid="19" ordinal="1" sl="19" sc="1" el="19" ec="2" bec="0" bev="0" fileid="1" />
                <SequencePoint vc="0" uspid="22" ordinal="2" sl="22" sc="1" el="22" ec="2" bec="0" bev="0" fileid="1" />
              </SequencePoints>
              <BranchPoints />
              <MethodPoint vc="0" uspid="0" p8:type="SequencePoint" ordinal="5" offset="5" sc="0" sl="18" ec="1" el="22" bec="0" bev="0" fileid="1" xmlns:p8="xsi" />
            </Method>
          </Methods>
        </Class>
        <Class>
          <Summary numSequencePoints="28" visitedSequencePoints="0" numBranchPoints="8" visitedBranchPoints="0" sequenceCoverage="0" branchCoverage="0" maxCyclomaticComplexity="4" minCyclomaticComplexity="4" visitedClasses="0" numClasses="1" visitedMethods="0" numMethods="2" />
          <FullName>TaskIt.Dotnet.Versions.Util.ContentUtil</FullName>
          <Methods>
            <Method cyclomaticComplexity="4" nPathComplexity="0" sequenceCoverage="0" branchCoverage="0" isConstructor="False" isGetter="False" isSetter="False" isStatic="True">
              <Summary numSequencePoints="14" visitedSequencePoints="0" numBranchPoints="4" visitedBranchPoints="0" sequenceCoverage="0" branchCoverage="0" maxCyclomaticComplexity="4" minCyclomaticComplexity="4" visitedClasses="0" numClasses="0" visitedMethods="0" numMethods="1" />
              <MetadataToken />
              <Name>System.Boolean TaskIt.Dotnet.Versions.Util.ContentUtil::ReplaceTag(System.String[],System.String,TaskIt.Dotnet.Versions.Types.Modifier,System.Boolean)</Name>
              <FileRef uid="2" />
              <SequencePoints>
                <SequencePoint vc="0" uspid="20" ordinal="0" sl="20" sc="1" el="20" ec="2" bec="0" bev="0" fileid="2" />
                <SequencePoint vc="0" uspid="21" ordinal="1" sl="21" sc="1" el="21" ec="2" bec="0" bev="0" fileid="2" />
                <SequencePoint vc="0" uspid="22" ordinal="2" sl="22" sc="1" el="22" ec="2" bec="0" bev="0" fileid="2" />
                <SequencePoint vc="0" uspid="23" ordinal="3" sl="23" sc="1" el="23" ec="2" bec="0" bev="0" fileid="2" />
                <SequencePoint vc="0" uspid="24" ordinal="4" sl="24" sc="1" el="24" ec="2" bec="0" bev="0" fileid="2" />
                <SequencePoint vc="0" uspid="25" ordinal="5" sl="25" sc="1" el="25" ec="2" bec="0" bev="0" fileid="2" />
                <SequencePoint vc="0" uspid="26" ordinal="6" sl="26" sc="1" el="26" ec="2" bec="0" bev="0" fileid="2" />
                <SequencePoint vc="0" uspid="27" ordinal="7" sl="27" sc="1" el="27" ec="2" bec="0" bev="0" fileid="2" />
                <SequencePoint vc="0" uspid="28" ordinal="8" sl="28" sc="1" el="28" ec="2" bec="0" bev="0" fileid="2" />
                <SequencePoint vc="0" uspid="29" ordinal="9" sl="29" sc="1" el="29" ec="2" bec="0" bev="0" fileid="2" />
                <SequencePoint vc="0" uspid="30" ordinal="10" sl="30" sc="1" el="30" ec="2" bec="0" bev="0" fileid="2" />
                <SequencePoint vc="0" uspid="31" ordinal="11" sl="31" sc="1" el="31" ec="2" bec="0" bev="0" fileid="2" />
                <SequencePoint vc="0" uspid="32" ordinal="12" sl="32" sc="1" el="32" ec="2" bec="0" bev="0" fileid="2" />
                <SequencePoint vc="0" uspid="33" ordinal="13" sl="33" sc="1" el="33" ec="2" bec="0" bev="0" fileid="2" />
              </SequencePoints>
              <BranchPoints>
                <BranchPoint vc="0" uspid="22" ordinal="3" path="1" offset="111" offsetend="7" sl="22" fileid="2" />
                <BranchPoint vc="0" uspid="24" ordinal="0" path="0" offset="21" offsetend="23" sl="24" fileid="2" />
                <BranchPoint vc="0" uspid="24" ordinal="1" path="1" offset="21" offsetend="96" sl="24" fileid="2" />
                <BranchPoint vc="0" uspid="22" ordinal="2" path="0" offset="111" offsetend="113" sl="22" fileid="2" />
              </BranchPoints>
              <MethodPoint vc="0" uspid="0" p8:type="SequencePoint" ordinal="0" offset="0" sc="0" sl="20" ec="1" el="33" bec="0" bev="0" fileid="2" xmlns:p8="xsi" />
            </Method>
            <Method cyclomaticComplexity="4" nPathComplexity="0" sequenceCoverage="0" branchCoverage="0" isConstructor="False" isGetter="False" isSetter="False" isStatic="True">
              <Summary numSequencePoints="14" visitedSequencePoints="0" numBranchPoints="4" visitedBranchPoints="0" sequenceCoverage="0" branchCoverage="0" maxCyclomaticComplexity="4" minCyclomaticComplexity="4" visitedClasses="0" numClasses="0" visitedMethods="0" numMethods="1" />
              <MetadataToken />
              <Name>System.Boolean TaskIt.Dotnet.Versions.Util.ContentUtil::ModifyTag(System.String[],System.String,TaskIt.Dotnet.Versions.Types.Modifier,System.Boolean)</Name>
              <FileRef uid="2" />
              <SequencePoints>
                <SequencePoint vc="0" uspid="46" ordinal="0" sl="46" sc="1" el="46" ec="2" bec="0" bev="0" fileid="2" />
                <SequencePoint vc="0" uspid="47" ordinal="1" sl="47" sc="1" el="47" ec="2" bec="0" bev="0" fileid="2" />
                <SequencePoint vc="0" uspid="48" ordinal="2" sl="48" sc="1" el="48" ec="2" bec="0" bev="0" fileid="2" />
                <SequencePoint vc="0" uspid="49" ordinal="3" sl="49" sc="1" el="49" ec="2" bec="0" bev="0" fileid="2" />
                <SequencePoint vc="0" uspid="50" ordinal="4" sl="50" sc="1" el="50" ec="2" bec="0" bev="0" fileid="2" />
                <SequencePoint vc="0" uspid="51" ordinal="5" sl="51" sc="1" el="51" ec="2" bec="0" bev="0" fileid="2" />
                <SequencePoint vc="0" uspid="52" ordinal="6" sl="52" sc="1" el="52" ec="2" bec="0" bev="0" fileid="2" />
                <SequencePoint vc="0" uspid="53" ordinal="7" sl="53" sc="1" el="53" ec="2" bec="0" bev="0" fileid="2" />
                <SequencePoint vc="0" uspid="54" ordinal="8" sl="54" sc="1" el="54" ec="2" bec="0" bev="0" fileid="2" />
                <SequencePoint vc="0" uspid="55" ordinal="9" sl="55" sc="1" el="55" ec="2" bec="0" bev="0" fileid="2" />
                <SequencePoint vc="0" uspid="56" ordinal="10" sl="56" sc="1" el="56" ec="2" bec="0" bev="0" fileid="2" />
                <SequencePoint vc="0" uspid="57" ordinal="11" sl="57" sc="1" el="57" ec="2" bec="0" bev="0" fileid="2" />
                <SequencePoint vc="0" uspid="58" ordinal="12" sl="58" sc="1" el="58" ec="2" bec="0" bev="0" fileid="2" />
                <SequencePoint vc="0" uspid="59" ordinal="13" sl="59" sc="1" el="59" ec="2" bec="0" bev="0" fileid="2" />
              </SequencePoints>
              <BranchPoints>
                <BranchPoint vc="0" uspid="48" ordinal="3" path="1" offset="111" offsetend="7" sl="48" fileid="2" />
                <BranchPoint vc="0" uspid="50" ordinal="0" path="0" offset="21" offsetend="23" sl="50" fileid="2" />
                <BranchPoint vc="0" uspid="50" ordinal="1" path="1" offset="21" offsetend="96" sl="50" fileid="2" />
                <BranchPoint vc="0" uspid="48" ordinal="2" path="0" offset="111" offsetend="113" sl="48" fileid="2" />
              </BranchPoints>
              <MethodPoint vc="0" uspid="0" p8:type="SequencePoint" ordinal="1" offset="1" sc="0" sl="46" ec="1" el="59" bec="0" bev="0" fileid="2" xmlns:p8="xsi" />
            </Method>
          </Methods>
        </Class>
        <Class>
          <Summary numSequencePoints="47" visitedSequencePoints="12" numBranchPoints="4" visitedBranchPoints="4" sequenceCoverage="25.53" branchCoverage="100" maxCyclomaticComplexity="4" minCyclomaticComplexity="1" visitedClasses="1" numClasses="1" visitedMethods="1" numMethods="4" />
          <FullName>TaskIt.Dotnet.Versions.Util.FileUtil</FullName>
          <Methods>
            <Method cyclomaticComplexity="4" nPathComplexity="0" sequenceCoverage="100" branchCoverage="100" isConstructor="False" isGetter="False" isSetter="False" isStatic="True">
              <Summary numSequencePoints="12" visitedSequencePoints="12" numBranchPoints="4" visitedBranchPoints="4" sequenceCoverage="100" branchCoverage="100" maxCyclomaticComplexity="4" minCyclomaticComplexity="4" visitedClasses="0" numClasses="0" visitedMethods="1" numMethods="1" />
              <MetadataToken />
              <Name>System.String[] TaskIt.Dotnet.Versions.Util.FileUtil::GetFilepaths(System.String,System.String)</Name>
              <FileRef uid="3" />
              <SequencePoints>
                <SequencePoint vc="8" uspid="18" ordinal="0" sl="18" sc="1" el="18" ec="2" bec="0" bev="0" fileid="3" />
                <SequencePoint vc="8" uspid="19" ordinal="1" sl="19" sc="1" el="19" ec="2" bec="0" bev="0" fileid="3" />
                <SequencePoint vc="3" uspid="20" ordinal="2" sl="20" sc="1" el="20" ec="2" bec="0" bev="0" fileid="3" />
                <SequencePoint vc="3" uspid="21" ordinal="3" sl="21" sc="1" el="21" ec="2" bec="0" bev="0" fileid="3" />
                <SequencePoint vc="3" uspid="22" ordinal="4" sl="22" sc="1" el="22" ec="2" bec="0" bev="0" fileid="3" />
                <SequencePoint vc="8" uspid="23" ordinal="5" sl="23" sc="1" el="23" ec="2" bec="0" bev="0" fileid="3" />
                <SequencePoint vc="6" uspid="24" ordinal="6" sl="24" sc="1" el="24" ec="2" bec="0" bev="0" fileid="3" />
                <SequencePoint vc="6" uspid="25" ordinal="7" sl="25" sc="1" el="25" ec="2" bec="0" bev="0" fileid="3" />
                <SequencePoint vc="6" uspid="26" ordinal="8" sl="26" sc="1" el="26" ec="2" bec="0" bev="0" fileid="3" />
                <SequencePoint vc="8" uspid="27" ordinal="9" sl="27" sc="1" el="27" ec="2" bec="0" bev="0" fileid="3" />
                <SequencePoint vc="8" uspid="28" ordinal="10" sl="28" sc="1" el="28" ec="2" bec="0" bev="0" fileid="3" />
                <SequencePoint vc="6" uspid="29" ordinal="11" sl="29" sc="1" el="29" ec="2" bec="0" bev="0" fileid="3" />
              </SequencePoints>
              <BranchPoints>
                <BranchPoint vc="3" uspid="19" ordinal="0" path="0" offset="9" offsetend="11" sl="19" fileid="3" />
                <BranchPoint vc="8" uspid="19" ordinal="1" path="1" offset="9" offsetend="20" sl="19" fileid="3" />
                <BranchPoint vc="6" uspid="23" ordinal="2" path="0" offset="36" offsetend="38" sl="23" fileid="3" />
                <BranchPoint vc="8" uspid="23" ordinal="3" path="1" offset="36" offsetend="53" sl="23" fileid="3" />
              </BranchPoints>
              <MethodPoint vc="12" uspid="0" p8:type="SequencePoint" ordinal="0" offset="0" sc="0" sl="18" ec="1" el="29" bec="0" bev="0" fileid="3" xmlns:p8="xsi" />
            </Method>
            <Method cyclomaticComplexity="1" nPathComplexity="0" sequenceCoverage="0" branchCoverage="100" isConstructor="False" isGetter="False" isSetter="False" isStatic="True">
              <Summary numSequencePoints="11" visitedSequencePoints="0" numBranchPoints="0" visitedBranchPoints="0" sequenceCoverage="0" branchCoverage="100" maxCyclomaticComplexity="1" minCyclomaticComplexity="1" visitedClasses="0" numClasses="0" visitedMethods="0" numMethods="1" />
              <MetadataToken />
              <Name>TaskIt.Dotnet.Versions.Types.Result TaskIt.Dotnet.Versions.Util.FileUtil::WriteFile(System.String,System.String[])</Name>
              <FileRef uid="3" />
              <SequencePoints>
                <SequencePoint vc="0" uspid="40" ordinal="0" sl="40" sc="1" el="40" ec="2" bec="0" bev="0" fileid="3" />
                <SequencePoint vc="0" uspid="41" ordinal="1" sl="41" sc="1" el="41" ec="2" bec="0" bev="0" fileid="3" />
                <SequencePoint vc="0" uspid="43" ordinal="2" sl="43" sc="1" el="43" ec="2" bec="0" bev="0" fileid="3" />
                <SequencePoint vc="0" uspid="44" ordinal="3" sl="44" sc="1" el="44" ec="2" bec="0" bev="0" fileid="3" />
                <SequencePoint vc="0" uspid="45" ordinal="4" sl="45" sc="1" el="45" ec="2" bec="0" bev="0" fileid="3" />
                <SequencePoint vc="0" uspid="46" ordinal="5" sl="46" sc="1" el="46" ec="2" bec="0" bev="0" fileid="3" />
                <SequencePoint vc="0" uspid="47" ordinal="6" sl="47" sc="1" el="47" ec="2" bec="0" bev="0" fileid="3" />
                <SequencePoint vc="0" uspid="48" ordinal="7" sl="48" sc="1" el="48" ec="2" bec="0" bev="0" fileid="3" />
                <SequencePoint vc="0" uspid="49" ordinal="8" sl="49" sc="1" el="49" ec="2" bec="0" bev="0" fileid="3" />
                <SequencePoint vc="0" uspid="50" ordinal="9" sl="50" sc="1" el="50" ec="2" bec="0" bev="0" fileid="3" />
                <SequencePoint vc="0" uspid="51" ordinal="10" sl="51" sc="1" el="51" ec="2" bec="0" bev="0" fileid="3" />
              </SequencePoints>
              <BranchPoints />
              <MethodPoint vc="0" uspid="0" p8:type="SequencePoint" ordinal="1" offset="1" sc="0" sl="40" ec="1" el="51" bec="0" bev="0" fileid="3" xmlns:p8="xsi" />
            </Method>
            <Method cyclomaticComplexity="1" nPathComplexity="0" sequenceCoverage="0" branchCoverage="100" isConstructor="False" isGetter="False" isSetter="False" isStatic="True">
              <Summary numSequencePoints="12" visitedSequencePoints="0" numBranchPoints="0" visitedBranchPoints="0" sequenceCoverage="0" branchCoverage="100" maxCyclomaticComplexity="1" minCyclomaticComplexity="1" visitedClasses="0" numClasses="0" visitedMethods="0" numMethods="1" />
              <MetadataToken />
              <Name>TaskIt.Dotnet.Versions.Types.Result TaskIt.Dotnet.Versions.Util.FileUtil::ReadFile(System.String,System.String[]&amp;)</Name>
              <FileRef uid="3" />
              <SequencePoints>
                <SequencePoint vc="0" uspid="61" ordinal="0" sl="61" sc="1" el="61" ec="2" bec="0" bev="0" fileid="3" />
                <SequencePoint vc="0" uspid="62" ordinal="1" sl="62" sc="1" el="62" ec="2" bec="0" bev="0" fileid="3" />
                <SequencePoint vc="0" uspid="63" ordinal="2" sl="63" sc="1" el="63" ec="2" bec="0" bev="0" fileid="3" />
                <SequencePoint vc="0" uspid="65" ordinal="3" sl="65" sc="1" el="65" ec="2" bec="0" bev="0" fileid="3" />
                <SequencePoint vc="0" uspid="66" ordinal="4" sl="66" sc="1" el="66" ec="2" bec="0" bev="0" fileid="3" />
                <SequencePoint vc="0" uspid="67" ordinal="5" sl="67" sc="1" el="67" ec="2" bec="0" bev="0" fileid="3" />
                <SequencePoint vc="0" uspid="68" ordinal="6" sl="68" sc="1" el="68" ec="2" bec="0" bev="0" fileid="3" />
                <SequencePoint vc="0" uspid="69" ordinal="7" sl="69" sc="1" el="69" ec="2" bec="0" bev="0" fileid="3" />
                <SequencePoint vc="0" uspid="70" ordinal="8" sl="70" sc="1" el="70" ec="2" bec="0" bev="0" fileid="3" />
                <SequencePoint vc="0" uspid="71" ordinal="9" sl="71" sc="1" el="71" ec="2" bec="0" bev="0" fileid="3" />
                <SequencePoint vc="0" uspid="73" ordinal="10" sl="73" sc="1" el="73" ec="2" bec="0" bev="0" fileid="3" />
                <SequencePoint vc="0" uspid="74" ordinal="11" sl="74" sc="1" el="74" ec="2" bec="0" bev="0" fileid="3" />
              </SequencePoints>
              <BranchPoints />
              <MethodPoint vc="0" uspid="0" p8:type="SequencePoint" ordinal="2" offset="2" sc="0" sl="61" ec="1" el="74" bec="0" bev="0" fileid="3" xmlns:p8="xsi" />
            </Method>
            <Method cyclomaticComplexity="1" nPathComplexity="0" sequenceCoverage="0" branchCoverage="100" isConstructor="False" isGetter="False" isSetter="False" isStatic="True">
              <Summary numSequencePoints="12" visitedSequencePoints="0" numBranchPoints="0" visitedBranchPoints="0" sequenceCoverage="0" branchCoverage="100" maxCyclomaticComplexity="1" minCyclomaticComplexity="1" visitedClasses="0" numClasses="0" visitedMethods="0" numMethods="1" />
              <MetadataToken />
              <Name>TaskIt.Dotnet.Versions.Types.Result TaskIt.Dotnet.Versions.Util.FileUtil::CreateBackup(System.String)</Name>
              <FileRef uid="3" />
              <SequencePoints>
                <SequencePoint vc="0" uspid="83" ordinal="0" sl="83" sc="1" el="83" ec="2" bec="0" bev="0" fileid="3" />
                <SequencePoint vc="0" uspid="84" ordinal="1" sl="84" sc="1" el="84" ec="2" bec="0" bev="0" fileid="3" />
                <SequencePoint vc="0" uspid="86" ordinal="2" sl="86" sc="1" el="86" ec="2" bec="0" bev="0" fileid="3" />
                <SequencePoint vc="0" uspid="87" ordinal="3" sl="87" sc="1" el="87" ec="2" bec="0" bev="0" fileid="3" />
                <SequencePoint vc="0" uspid="88" ordinal="4" sl="88" sc="1" el="88" ec="2" bec="0" bev="0" fileid="3" />
                <SequencePoint vc="0" uspid="89" ordinal="5" sl="89" sc="1" el="89" ec="2" bec="0" bev="0" fileid="3" />
                <SequencePoint vc="0" uspid="90" ordinal="6" sl="90" sc="1" el="90" ec="2" bec="0" bev="0" fileid="3" />
                <SequencePoint vc="0" uspid="91" ordinal="7" sl="91" sc="1" el="91" ec="2" bec="0" bev="0" fileid="3" />
                <SequencePoint vc="0" uspid="92" ordinal="8" sl="92" sc="1" el="92" ec="2" bec="0" bev="0" fileid="3" />
                <SequencePoint vc="0" uspid="93" ordinal="9" sl="93" sc="1" el="93" ec="2" bec="0" bev="0" fileid="3" />
                <SequencePoint vc="0" uspid="94" ordinal="10" sl="94" sc="1" el="94" ec="2" bec="0" bev="0" fileid="3" />
                <SequencePoint vc="0" uspid="95" ordinal="11" sl="95" sc="1" el="95" ec="2" bec="0" bev="0" fileid="3" />
              </SequencePoints>
              <BranchPoints />
              <MethodPoint vc="0" uspid="0" p8:type="SequencePoint" ordinal="3" offset="3" sc="0" sl="83" ec="1" el="95" bec="0" bev="0" fileid="3" xmlns:p8="xsi" />
            </Method>
          </Methods>
        </Class>
        <Class>
          <Summary numSequencePoints="16" visitedSequencePoints="8" numBranchPoints="2" visitedBranchPoints="1" sequenceCoverage="50" branchCoverage="50" maxCyclomaticComplexity="2" minCyclomaticComplexity="1" visitedClasses="1" numClasses="1" visitedMethods="1" numMethods="2" />
          <FullName>TaskIt.Dotnet.Versions.Util.RegexUtil</FullName>
          <Methods>
            <Method cyclomaticComplexity="2" nPathComplexity="0" sequenceCoverage="80" branchCoverage="50" isConstructor="False" isGetter="False" isSetter="False" isStatic="True">
              <Summary numSequencePoints="10" visitedSequencePoints="8" numBranchPoints="2" visitedBranchPoints="1" sequenceCoverage="80" branchCoverage="50" maxCyclomaticComplexity="2" minCyclomaticComplexity="2" visitedClasses="0" numClasses="0" visitedMethods="1" numMethods="1" />
              <MetadataToken />
              <Name>System.String TaskIt.Dotnet.Versions.Util.RegexUtil::ReplaceMatch(System.String,System.Int32,System.String,System.Text.RegularExpressions.Match)</Name>
              <FileRef uid="4" />
              <SequencePoints>
                <SequencePoint vc="2" uspid="17" ordinal="0" sl="17" sc="1" el="17" ec="2" bec="0" bev="0" fileid="4" />
                <SequencePoint vc="2" uspid="18" ordinal="1" sl="18" sc="1" el="18" ec="2" bec="0" bev="0" fileid="4" />
                <SequencePoint vc="0" uspid="19" ordinal="2" sl="19" sc="1" el="19" ec="2" bec="0" bev="0" fileid="4" />
                <SequencePoint vc="0" uspid="20" ordinal="3" sl="20" sc="1" el="20" ec="2" bec="0" bev="0" fileid="4" />
                <SequencePoint vc="2" uspid="22" ordinal="4" sl="22" sc="1" el="22" ec="2" bec="0" bev="0" fileid="4" />
                <SequencePoint vc="2" uspid="23" ordinal="5" sl="23" sc="1" el="23" ec="2" bec="0" bev="0" fileid="4" />
                <SequencePoint vc="2" uspid="24" ordinal="6" sl="24" sc="1" el="24" ec="2" bec="0" bev="0" fileid="4" />
                <SequencePoint vc="2" uspid="25" ordinal="7" sl="25" sc="1" el="25" ec="2" bec="0" bev="0" fileid="4" />
                <SequencePoint vc="2" uspid="27" ordinal="8" sl="27" sc="1" el="27" ec="2" bec="0" bev="0" fileid="4" />
                <SequencePoint vc="2" uspid="28" ordinal="9" sl="28" sc="1" el="28" ec="2" bec="0" bev="0" fileid="4" />
              </SequencePoints>
              <BranchPoints>
                <BranchPoint vc="0" uspid="18" ordinal="0" path="0" offset="9" offsetend="11" sl="18" fileid="4" />
                <BranchPoint vc="2" uspid="18" ordinal="1" path="1" offset="9" offsetend="16" sl="18" fileid="4" />
              </BranchPoints>
              <MethodPoint vc="8" uspid="0" p8:type="SequencePoint" ordinal="0" offset="0" sc="0" sl="17" ec="1" el="28" bec="0" bev="0" fileid="4" xmlns:p8="xsi" />
            </Method>
            <Method cyclomaticComplexity="1" nPathComplexity="0" sequenceCoverage="0" branchCoverage="100" isConstructor="False" isGetter="False" isSetter="False" isStatic="True">
              <Summary numSequencePoints="6" visitedSequencePoints="0" numBranchPoints="0" visitedBranchPoints="0" sequenceCoverage="0" branchCoverage="100" maxCyclomaticComplexity="1" minCyclomaticComplexity="1" visitedClasses="0" numClasses="0" visitedMethods="0" numMethods="1" />
              <MetadataToken />
              <Name>System.Boolean TaskIt.Dotnet.Versions.Util.RegexUtil::GetTag(System.String,System.String,System.Text.RegularExpressions.Match&amp;)</Name>
              <FileRef uid="4" />
              <SequencePoints>
                <SequencePoint vc="0" uspid="38" ordinal="0" sl="38" sc="1" el="38" ec="2" bec="0" bev="0" fileid="4" />
                <SequencePoint vc="0" uspid="39" ordinal="1" sl="39" sc="1" el="39" ec="2" bec="0" bev="0" fileid="4" />
                <SequencePoint vc="0" uspid="40" ordinal="2" sl="40" sc="1" el="40" ec="2" bec="0" bev="0" fileid="4" />
                <SequencePoint vc="0" uspid="41" ordinal="3" sl="41" sc="1" el="41" ec="2" bec="0" bev="0" fileid="4" />
                <SequencePoint vc="0" uspid="42" ordinal="4" sl="42" sc="1" el="42" ec="2" bec="0" bev="0" fileid="4" />
                <SequencePoint vc="0" uspid="43" ordinal="5" sl="43" sc="1" el="43" ec="2" bec="0" bev="0" fileid="4" />
              </SequencePoints>
              <BranchPoints />
              <MethodPoint vc="0" uspid="0" p8:type="SequencePoint" ordinal="1" offset="1" sc="0" sl="38" ec="1" el="43" bec="0" bev="0" fileid="4" xmlns:p8="xsi" />
            </Method>
          </Methods>
        </Class>
        <Class>
          <Summary numSequencePoints="94" visitedSequencePoints="83" numBranchPoints="34" visitedBranchPoints="26" sequenceCoverage="88.29" branchCoverage="76.47" maxCyclomaticComplexity="12" minCyclomaticComplexity="1" visitedClasses="1" numClasses="1" visitedMethods="11" numMethods="11" />
          <FullName>TaskIt.Dotnet.Versions.Types.Modifier</FullName>
          <Methods>
            <Method cyclomaticComplexity="1" nPathComplexity="0" sequenceCoverage="100" branchCoverage="100" isConstructor="False" isGetter="True" isSetter="False" isStatic="True">
              <Summary numSequencePoints="1" visitedSequencePoints="1" numBranchPoints="0" visitedBranchPoints="0" sequenceCoverage="100" branchCoverage="100" maxCyclomaticComplexity="1" minCyclomaticComplexity="1" visitedClasses="0" numClasses="0" visitedMethods="1" numMethods="1" />
              <MetadataToken />
              <Name>System.Nullable`1&lt;System.Int32&gt; TaskIt.Dotnet.Versions.Types.Modifier::get_Major()</Name>
              <FileRef uid="5" />
              <SequencePoints>
                <SequencePoint vc="7" uspid="16" ordinal="0" sl="16" sc="1" el="16" ec="2" bec="0" bev="0" fileid="5" />
              </SequencePoints>
              <BranchPoints />
              <MethodPoint vc="1" uspid="0" p8:type="SequencePoint" ordinal="0" offset="0" sc="0" sl="16" ec="1" el="16" bec="0" bev="0" fileid="5" xmlns:p8="xsi" />
            </Method>
            <Method cyclomaticComplexity="1" nPathComplexity="0" sequenceCoverage="100" branchCoverage="100" isConstructor="False" isGetter="True" isSetter="False" isStatic="True">
              <Summary numSequencePoints="1" visitedSequencePoints="1" numBranchPoints="0" visitedBranchPoints="0" sequenceCoverage="100" branchCoverage="100" maxCyclomaticComplexity="1" minCyclomaticComplexity="1" visitedClasses="0" numClasses="0" visitedMethods="1" numMethods="1" />
              <MetadataToken />
              <Name>System.Nullable`1&lt;System.Int32&gt; TaskIt.Dotnet.Versions.Types.Modifier::get_Minor()</Name>
              <FileRef uid="5" />
              <SequencePoints>
                <SequencePoint vc="13" uspid="21" ordinal="0" sl="21" sc="1" el="21" ec="2" bec="0" bev="0" fileid="5" />
              </SequencePoints>
              <BranchPoints />
              <MethodPoint vc="1" uspid="0" p8:type="SequencePoint" ordinal="1" offset="1" sc="0" sl="21" ec="1" el="21" bec="0" bev="0" fileid="5" xmlns:p8="xsi" />
            </Method>
            <Method cyclomaticComplexity="1" nPathComplexity="0" sequenceCoverage="100" branchCoverage="100" isConstructor="False" isGetter="True" isSetter="False" isStatic="True">
              <Summary numSequencePoints="1" visitedSequencePoints="1" numBranchPoints="0" visitedBranchPoints="0" sequenceCoverage="100" branchCoverage="100" maxCyclomaticComplexity="1" minCyclomaticComplexity="1" visitedClasses="0" numClasses="0" visitedMethods="1" numMethods="1" />
              <MetadataToken />
              <Name>System.Nullable`1&lt;System.Int32&gt; TaskIt.Dotnet.Versions.Types.Modifier::get_Patch()</Name>
              <FileRef uid="5" />
              <SequencePoints>
                <SequencePoint vc="13" uspid="26" ordinal="0" sl="26" sc="1" el="26" ec="2" bec="0" bev="0" fileid="5" />
              </SequencePoints>
              <BranchPoints />
              <MethodPoint vc="1" uspid="0" p8:type="SequencePoint" ordinal="2" offset="2" sc="0" sl="26" ec="1" el="26" bec="0" bev="0" fileid="5" xmlns:p8="xsi" />
            </Method>
            <Method cyclomaticComplexity="1" nPathComplexity="0" sequenceCoverage="100" branchCoverage="100" isConstructor="False" isGetter="True" isSetter="False" isStatic="True">
              <Summary numSequencePoints="1" visitedSequencePoints="1" numBranchPoints="0" visitedBranchPoints="0" sequenceCoverage="100" branchCoverage="100" maxCyclomaticComplexity="1" minCyclomaticComplexity="1" visitedClasses="0" numClasses="0" visitedMethods="1" numMethods="1" />
              <MetadataToken />
              <Name>System.String TaskIt.Dotnet.Versions.Types.Modifier::get_SemverPattern()</Name>
              <FileRef uid="5" />
              <SequencePoints>
                <SequencePoint vc="24" uspid="32" ordinal="0" sl="32" sc="1" el="32" ec="2" bec="0" bev="0" fileid="5" />
              </SequencePoints>
              <BranchPoints />
              <MethodPoint vc="1" uspid="0" p8:type="SequencePoint" ordinal="3" offset="3" sc="0" sl="32" ec="1" el="32" bec="0" bev="0" fileid="5" xmlns:p8="xsi" />
            </Method>
            <Method cyclomaticComplexity="1" nPathComplexity="0" sequenceCoverage="100" branchCoverage="100" isConstructor="False" isGetter="True" isSetter="False" isStatic="True">
              <Summary numSequencePoints="1" visitedSequencePoints="1" numBranchPoints="0" visitedBranchPoints="0" sequenceCoverage="100" branchCoverage="100" maxCyclomaticComplexity="1" minCyclomaticComplexity="1" visitedClasses="0" numClasses="0" visitedMethods="1" numMethods="1" />
              <MetadataToken />
              <Name>System.Nullable`1&lt;System.Int32&gt; TaskIt.Dotnet.Versions.Types.Modifier::get_Semver()</Name>
              <FileRef uid="5" />
              <SequencePoints>
                <SequencePoint vc="9" uspid="37" ordinal="0" sl="37" sc="1" el="37" ec="2" bec="0" bev="0" fileid="5" />
              </SequencePoints>
              <BranchPoints />
              <MethodPoint vc="1" uspid="0" p8:type="SequencePoint" ordinal="4" offset="4" sc="0" sl="37" ec="1" el="37" bec="0" bev="0" fileid="5" xmlns:p8="xsi" />
            </Method>
            <Method cyclomaticComplexity="12" nPathComplexity="0" sequenceCoverage="81.25" branchCoverage="58.33" isConstructor="False" isGetter="False" isSetter="False" isStatic="True">
              <Summary numSequencePoints="16" visitedSequencePoints="13" numBranchPoints="12" visitedBranchPoints="7" sequenceCoverage="81.25" branchCoverage="58.33" maxCyclomaticComplexity="12" minCyclomaticComplexity="12" visitedClasses="0" numClasses="0" visitedMethods="1" numMethods="1" />
              <MetadataToken />
              <Name>System.String TaskIt.Dotnet.Versions.Types.Modifier::Overwrite(TaskIt.Dotnet.Versions.Types.ProjectVersion,System.Boolean)</Name>
              <FileRef uid="5" />
              <SequencePoints>
                <SequencePoint vc="2" uspid="98" ordinal="0" sl="98" sc="1" el="98" ec="2" bec="0" bev="0" fileid="5" />
                <SequencePoint vc="2" uspid="102" ordinal="1" sl="102" sc="1" el="102" ec="2" bec="0" bev="0" fileid="5" />
                <SequencePoint vc="2" uspid="103" ordinal="2" sl="103" sc="1" el="103" ec="2" bec="0" bev="0" fileid="5" />
                <SequencePoint vc="2" uspid="104" ordinal="3" sl="104" sc="1" el="104" ec="2" bec="0" bev="0" fileid="5" />
                <SequencePoint vc="2" uspid="106" ordinal="4" sl="106" sc="1" el="106" ec="2" bec="0" bev="0" fileid="5" />
                <SequencePoint vc="2" uspid="107" ordinal="5" sl="107" sc="1" el="107" ec="2" bec="0" bev="0" fileid="5" />
                <SequencePoint vc="0" uspid="108" ordinal="6" sl="108" sc="1" el="108" ec="2" bec="0" bev="0" fileid="5" />
                <SequencePoint vc="0" uspid="109" ordinal="7" sl="109" sc="1" el="109" ec="2" bec="0" bev="0" fileid="5" />
                <SequencePoint vc="0" uspid="110" ordinal="8" sl="110" sc="1" el="110" ec="2" bec="0" bev="0" fileid="5" />
                <SequencePoint vc="2" uspid="111" ordinal="9" sl="111" sc="1" el="111" ec="2" bec="0" bev="0" fileid="5" />
                <SequencePoint vc="1" uspid="112" ordinal="10" sl="112" sc="1" el="112" ec="2" bec="0" bev="0" fileid="5" />
                <SequencePoint vc="1" uspid="113" ordinal="11" sl="113" sc="1" el="113" ec="2" bec="0" bev="0" fileid="5" />
                <SequencePoint vc="1" uspid="114" ordinal="12" sl="114" sc="1" el="114" ec="2" bec="0" bev="0" fileid="5" />
                <SequencePoint vc="2" uspid="115" ordinal="13" sl="115" sc="1" el="115" ec="2" bec="0" bev="0" fileid="5" />
                <SequencePoint vc="2" uspid="116" ordinal="14" sl="116" sc="1" el="116" ec="2" bec="0" bev="0" fileid="5" />
                <SequencePoint vc="2" uspid="117" ordinal="15" sl="117" sc="1" el="117" ec="2" bec="0" bev="0" fileid="5" />
              </SequencePoints>
              <BranchPoints>
                <BranchPoint vc="2" uspid="102" ordinal="0" path="0" offset="16" offsetend="18" sl="102" fileid="5" />
                <BranchPoint vc="0" uspid="102" ordinal="1" path="1" offset="16" offsetend="35" sl="102" fileid="5" />
                <BranchPoint vc="0" uspid="103" ordinal="2" path="0" offset="58" offsetend="60" sl="103" fileid="5" />
                <BranchPoint vc="2" uspid="103" ordinal="3" path="1" offset="58" offsetend="77" sl="103" fileid="5" />
                <BranchPoint vc="0" uspid="104" ordinal="4" path="0" offset="100" offsetend="102" sl="104" fileid="5" />
                <BranchPoint vc="2" uspid="104" ordinal="5" path="1" offset="100" offsetend="119" sl="104" fileid="5" />
                <BranchPoint vc="0" uspid="107" ordinal="6" path="0" offset="166" offsetend="168" sl="107" fileid="5" />
                <BranchPoint vc="2" uspid="107" ordinal="7" path="1" offset="166" offsetend="198" sl="107" fileid="5" />
                <BranchPoint vc="2" uspid="111" ordinal="8" path="0" offset="199" offsetend="201" sl="111" fileid="5" />
                <BranchPoint vc="0" uspid="111" ordinal="9" path="1" offset="199" offsetend="217" sl="111" fileid="5" />
                <BranchPoint vc="1" uspid="111" ordinal="10" path="0" offset="222" offsetend="224" sl="111" fileid="5" />
                <BranchPoint vc="2" uspid="111" ordinal="11" path="1" offset="222" offsetend="239" sl="111" fileid="5" />
              </BranchPoints>
              <MethodPoint vc="13" uspid="0" p8:type="SequencePoint" ordinal="5" offset="5" sc="0" sl="98" ec="1" el="117" bec="0" bev="0" fileid="5" xmlns:p8="xsi" />
            </Method>
            <Method cyclomaticComplexity="4" nPathComplexity="0" sequenceCoverage="82.35" branchCoverage="75" isConstructor="False" isGetter="False" isSetter="False" isStatic="True">
              <Summary numSequencePoints="17" visitedSequencePoints="14" numBranchPoints="4" visitedBranchPoints="3" sequenceCoverage="82.35" branchCoverage="75" maxCyclomaticComplexity="4" minCyclomaticComplexity="4" visitedClasses="0" numClasses="0" visitedMethods="1" numMethods="1" />
              <MetadataToken />
              <Name>System.String TaskIt.Dotnet.Versions.Types.Modifier::Modify(TaskIt.Dotnet.Versions.Types.ProjectVersion,System.Boolean)</Name>
              <FileRef uid="5" />
              <SequencePoints>
                <SequencePoint vc="3" uspid="126" ordinal="0" sl="126" sc="1" el="126" ec="2" bec="0" bev="0" fileid="5" />
                <SequencePoint vc="3" uspid="131" ordinal="1" sl="131" sc="1" el="131" ec="2" bec="0" bev="0" fileid="5" />
                <SequencePoint vc="3" uspid="132" ordinal="2" sl="132" sc="1" el="132" ec="2" bec="0" bev="0" fileid="5" />
                <SequencePoint vc="3" uspid="133" ordinal="3" sl="133" sc="1" el="133" ec="2" bec="0" bev="0" fileid="5" />
                <SequencePoint vc="3" uspid="136" ordinal="4" sl="136" sc="1" el="136" ec="2" bec="0" bev="0" fileid="5" />
                <SequencePoint vc="3" uspid="137" ordinal="5" sl="137" sc="1" el="137" ec="2" bec="0" bev="0" fileid="5" />
                <SequencePoint vc="0" uspid="138" ordinal="6" sl="138" sc="1" el="138" ec="2" bec="0" bev="0" fileid="5" />
                <SequencePoint vc="0" uspid="139" ordinal="7" sl="139" sc="1" el="139" ec="2" bec="0" bev="0" fileid="5" />
                <SequencePoint vc="0" uspid="140" ordinal="8" sl="140" sc="1" el="140" ec="2" bec="0" bev="0" fileid="5" />
                <SequencePoint vc="3" uspid="141" ordinal="9" sl="141" sc="1" el="141" ec="2" bec="0" bev="0" fileid="5" />
                <SequencePoint vc="3" uspid="142" ordinal="10" sl="142" sc="1" el="142" ec="2" bec="0" bev="0" fileid="5" />
                <SequencePoint vc="3" uspid="143" ordinal="11" sl="143" sc="1" el="143" ec="2" bec="0" bev="0" fileid="5" />
                <SequencePoint vc="3" uspid="144" ordinal="12" sl="144" sc="1" el="144" ec="2" bec="0" bev="0" fileid="5" />
                <SequencePoint vc="3" uspid="145" ordinal="13" sl="145" sc="1" el="145" ec="2" bec="0" bev="0" fileid="5" />
                <SequencePoint vc="3" uspid="147" ordinal="14" sl="147" sc="1" el="147" ec="2" bec="0" bev="0" fileid="5" />
                <SequencePoint vc="3" uspid="148" ordinal="15" sl="148" sc="1" el="148" ec="2" bec="0" bev="0" fileid="5" />
                <SequencePoint vc="3" uspid="149" ordinal="16" sl="149" sc="1" el="149" ec="2" bec="0" bev="0" fileid="5" />
              </SequencePoints>
              <BranchPoints>
                <BranchPoint vc="0" uspid="137" ordinal="0" path="0" offset="97" offsetend="99" sl="137" fileid="5" />
                <BranchPoint vc="3" uspid="137" ordinal="1" path="1" offset="97" offsetend="129" sl="137" fileid="5" />
                <BranchPoint vc="3" uspid="141" ordinal="2" path="0" offset="134" offsetend="136" sl="141" fileid="5" />
                <BranchPoint vc="3" uspid="141" ordinal="3" path="1" offset="134" offsetend="161" sl="141" fileid="5" />
              </BranchPoints>
              <MethodPoint vc="14" uspid="0" p8:type="SequencePoint" ordinal="6" offset="6" sc="0" sl="126" ec="1" el="149" bec="0" bev="0" fileid="5" xmlns:p8="xsi" />
            </Method>
            <Method cyclomaticComplexity="4" nPathComplexity="0" sequenceCoverage="100" branchCoverage="100" isConstructor="False" isGetter="False" isSetter="False" isStatic="True">
              <Summary numSequencePoints="10" visitedSequencePoints="10" numBranchPoints="4" visitedBranchPoints="4" sequenceCoverage="100" branchCoverage="100" maxCyclomaticComplexity="4" minCyclomaticComplexity="4" visitedClasses="0" numClasses="0" visitedMethods="1" numMethods="1" />
              <MetadataToken />
              <Name>System.Int32 TaskIt.Dotnet.Versions.Types.Modifier::ApplyModifier(System.Nullable`1&lt;System.Int32&gt;,System.Nullable`1&lt;System.Int32&gt;)</Name>
              <FileRef uid="5" />
              <SequencePoints>
                <SequencePoint vc="11" uspid="152" ordinal="0" sl="152" sc="1" el="152" ec="2" bec="0" bev="0" fileid="5" />
                <SequencePoint vc="11" uspid="153" ordinal="1" sl="153" sc="1" el="153" ec="2" bec="0" bev="0" fileid="5" />
                <SequencePoint vc="8" uspid="154" ordinal="2" sl="154" sc="1" el="154" ec="2" bec="0" bev="0" fileid="5" />
                <SequencePoint vc="8" uspid="155" ordinal="3" sl="155" sc="1" el="155" ec="2" bec="0" bev="0" fileid="5" />
                <SequencePoint vc="4" uspid="156" ordinal="4" sl="156" sc="1" el="156" ec="2" bec="0" bev="0" fileid="5" />
                <SequencePoint vc="4" uspid="157" ordinal="5" sl="157" sc="1" el="157" ec="2" bec="0" bev="0" fileid="5" />
                <SequencePoint vc="4" uspid="160" ordinal="6" sl="160" sc="1" el="160" ec="2" bec="0" bev="0" fileid="5" />
                <SequencePoint vc="4" uspid="161" ordinal="7" sl="161" sc="1" el="161" ec="2" bec="0" bev="0" fileid="5" />
                <SequencePoint vc="3" uspid="164" ordinal="8" sl="164" sc="1" el="164" ec="2" bec="0" bev="0" fileid="5" />
                <SequencePoint vc="11" uspid="165" ordinal="9" sl="165" sc="1" el="165" ec="2" bec="0" bev="0" fileid="5" />
              </SequencePoints>
              <BranchPoints>
                <BranchPoint vc="8" uspid="153" ordinal="0" path="0" offset="10" offsetend="12" sl="153" fileid="5" />
                <BranchPoint vc="4" uspid="155" ordinal="2" path="0" offset="25" offsetend="27" sl="155" fileid="5" />
                <BranchPoint vc="4" uspid="155" ordinal="3" path="1" offset="25" offsetend="38" sl="155" fileid="5" />
                <BranchPoint vc="3" uspid="153" ordinal="1" path="1" offset="10" offsetend="57" sl="153" fileid="5" />
              </BranchPoints>
              <MethodPoint vc="10" uspid="0" p8:type="SequencePoint" ordinal="7" offset="7" sc="0" sl="152" ec="1" el="165" bec="0" bev="0" fileid="5" xmlns:p8="xsi" />
            </Method>
            <Method cyclomaticComplexity="6" nPathComplexity="0" sequenceCoverage="85.71" branchCoverage="83.33" isConstructor="False" isGetter="False" isSetter="False" isStatic="True">
              <Summary numSequencePoints="14" visitedSequencePoints="12" numBranchPoints="6" visitedBranchPoints="5" sequenceCoverage="85.71" branchCoverage="83.33" maxCyclomaticComplexity="6" minCyclomaticComplexity="6" visitedClasses="0" numClasses="0" visitedMethods="1" numMethods="1" />
              <MetadataToken />
              <Name>System.String TaskIt.Dotnet.Versions.Types.Modifier::ApplyModifier(System.String)</Name>
              <FileRef uid="5" />
              <SequencePoints>
                <SequencePoint vc="3" uspid="168" ordinal="0" sl="168" sc="1" el="168" ec="2" bec="0" bev="0" fileid="5" />
                <SequencePoint vc="3" uspid="169" ordinal="1" sl="169" sc="1" el="169" ec="2" bec="0" bev="0" fileid="5" />
                <SequencePoint vc="1" uspid="170" ordinal="2" sl="170" sc="1" el="170" ec="2" bec="0" bev="0" fileid="5" />
                <SequencePoint vc="1" uspid="171" ordinal="3" sl="171" sc="1" el="171" ec="2" bec="0" bev="0" fileid="5" />
                <SequencePoint vc="2" uspid="173" ordinal="4" sl="173" sc="1" el="173" ec="2" bec="0" bev="0" fileid="5" />
                <SequencePoint vc="2" uspid="174" ordinal="5" sl="174" sc="1" el="174" ec="2" bec="0" bev="0" fileid="5" />
                <SequencePoint vc="2" uspid="175" ordinal="6" sl="175" sc="1" el="175" ec="2" bec="0" bev="0" fileid="5" />
                <SequencePoint vc="0" uspid="176" ordinal="7" sl="176" sc="1" el="176" ec="2" bec="0" bev="0" fileid="5" />
                <SequencePoint vc="0" uspid="177" ordinal="8" sl="177" sc="1" el="177" ec="2" bec="0" bev="0" fileid="5" />
                <SequencePoint vc="2" uspid="180" ordinal="9" sl="180" sc="1" el="180" ec="2" bec="0" bev="0" fileid="5" />
                <SequencePoint vc="2" uspid="181" ordinal="10" sl="181" sc="1" el="181" ec="2" bec="0" bev="0" fileid="5" />
                <SequencePoint vc="2" uspid="182" ordinal="11" sl="182" sc="1" el="182" ec="2" bec="0" bev="0" fileid="5" />
                <SequencePoint vc="2" uspid="184" ordinal="12" sl="184" sc="1" el="184" ec="2" bec="0" bev="0" fileid="5" />
                <SequencePoint vc="3" uspid="185" ordinal="13" sl="185" sc="1" el="185" ec="2" bec="0" bev="0" fileid="5" />
              </SequencePoints>
              <BranchPoints>
                <BranchPoint vc="2" uspid="169" ordinal="0" path="0" offset="12" offsetend="14" sl="169" fileid="5" />
                <BranchPoint vc="1" uspid="169" ordinal="1" path="1" offset="12" offsetend="34" sl="169" fileid="5" />
                <BranchPoint vc="1" uspid="169" ordinal="2" path="0" offset="39" offsetend="41" sl="169" fileid="5" />
                <BranchPoint vc="2" uspid="169" ordinal="3" path="1" offset="39" offsetend="50" sl="169" fileid="5" />
                <BranchPoint vc="0" uspid="175" ordinal="4" path="0" offset="83" offsetend="85" sl="175" fileid="5" />
                <BranchPoint vc="2" uspid="175" ordinal="5" path="1" offset="83" offsetend="91" sl="175" fileid="5" />
              </BranchPoints>
              <MethodPoint vc="12" uspid="0" p8:type="SequencePoint" ordinal="8" offset="8" sc="0" sl="168" ec="1" el="185" bec="0" bev="0" fileid="5" xmlns:p8="xsi" />
            </Method>
            <Method cyclomaticComplexity="6" nPathComplexity="0" sequenceCoverage="87.5" branchCoverage="83.33" isConstructor="True" isGetter="False" isSetter="False" isStatic="True">
              <Summary numSequencePoints="24" visitedSequencePoints="21" numBranchPoints="6" visitedBranchPoints="5" sequenceCoverage="87.5" branchCoverage="83.33" maxCyclomaticComplexity="6" minCyclomaticComplexity="6" visitedClasses="0" numClasses="0" visitedMethods="1" numMethods="1" />
              <MetadataToken />
              <Name>System.Void TaskIt.Dotnet.Versions.Types.Modifier::.ctor(System.String)</Name>
              <FileRef uid="5" />
              <SequencePoints>
                <SequencePoint vc="12" uspid="44" ordinal="0" sl="44" sc="1" el="44" ec="2" bec="0" bev="0" fileid="5" />
                <SequencePoint vc="12" uspid="45" ordinal="1" sl="45" sc="1" el="45" ec="2" bec="0" bev="0" fileid="5" />
                <SequencePoint vc="12" uspid="48" ordinal="2" sl="48" sc="1" el="48" ec="2" bec="0" bev="0" fileid="5" />
                <SequencePoint vc="12" uspid="49" ordinal="3" sl="49" sc="1" el="49" ec="2" bec="0" bev="0" fileid="5" />
                <SequencePoint vc="11" uspid="50" ordinal="4" sl="50" sc="1" el="50" ec="2" bec="0" bev="0" fileid="5" />
                <SequencePoint vc="0" uspid="51" ordinal="5" sl="51" sc="1" el="51" ec="2" bec="0" bev="0" fileid="5" />
                <SequencePoint vc="0" uspid="52" ordinal="6" sl="52" sc="1" el="52" ec="2" bec="0" bev="0" fileid="5" />
                <SequencePoint vc="0" uspid="53" ordinal="7" sl="53" sc="1" el="53" ec="2" bec="0" bev="0" fileid="5" />
                <SequencePoint vc="11" uspid="55" ordinal="8" sl="55" sc="1" el="55" ec="2" bec="0" bev="0" fileid="5" />
                <SequencePoint vc="6" uspid="56" ordinal="9" sl="56" sc="1" el="56" ec="2" bec="0" bev="0" fileid="5" />
                <SequencePoint vc="6" uspid="57" ordinal="10" sl="57" sc="1" el="57" ec="2" bec="0" bev="0" fileid="5" />
                <SequencePoint vc="6" uspid="58" ordinal="11" sl="58" sc="1" el="58" ec="2" bec="0" bev="0" fileid="5" />
                <SequencePoint vc="9" uspid="60" ordinal="12" sl="60" sc="1" el="60" ec="2" bec="0" bev="0" fileid="5" />
                <SequencePoint vc="6" uspid="61" ordinal="13" sl="61" sc="1" el="61" ec="2" bec="0" bev="0" fileid="5" />
                <SequencePoint vc="6" uspid="62" ordinal="14" sl="62" sc="1" el="62" ec="2" bec="0" bev="0" fileid="5" />
                <SequencePoint vc="6" uspid="63" ordinal="15" sl="63" sc="1" el="63" ec="2" bec="0" bev="0" fileid="5" />
                <SequencePoint vc="9" uspid="64" ordinal="16" sl="64" sc="1" el="64" ec="2" bec="0" bev="0" fileid="5" />
                <SequencePoint vc="3" uspid="65" ordinal="17" sl="65" sc="1" el="65" ec="2" bec="0" bev="0" fileid="5" />
                <SequencePoint vc="3" uspid="66" ordinal="18" sl="66" sc="1" el="66" ec="2" bec="0" bev="0" fileid="5" />
                <SequencePoint vc="3" uspid="67" ordinal="19" sl="67" sc="1" el="67" ec="2" bec="0" bev="0" fileid="5" />
                <SequencePoint vc="9" uspid="72" ordinal="20" sl="72" sc="1" el="72" ec="2" bec="0" bev="0" fileid="5" />
                <SequencePoint vc="9" uspid="73" ordinal="21" sl="73" sc="1" el="73" ec="2" bec="0" bev="0" fileid="5" />
                <SequencePoint vc="9" uspid="74" ordinal="22" sl="74" sc="1" el="74" ec="2" bec="0" bev="0" fileid="5" />
                <SequencePoint vc="9" uspid="75" ordinal="23" sl="75" sc="1" el="75" ec="2" bec="0" bev="0" fileid="5" />
              </SequencePoints>
              <BranchPoints>
                <BranchPoint vc="0" uspid="50" ordinal="0" path="0" offset="45" offsetend="47" sl="50" fileid="5" />
                <BranchPoint vc="11" uspid="50" ordinal="1" path="1" offset="45" offsetend="62" sl="50" fileid="5" />
                <BranchPoint vc="6" uspid="55" ordinal="2" path="0" offset="76" offsetend="78" sl="55" fileid="5" />
                <BranchPoint vc="9" uspid="55" ordinal="3" path="1" offset="76" offsetend="93" sl="55" fileid="5" />
                <BranchPoint vc="6" uspid="60" ordinal="4" path="0" offset="107" offsetend="109" sl="60" fileid="5" />
                <BranchPoint vc="9" uspid="60" ordinal="5" path="1" offset="107" offsetend="124" sl="60" fileid="5" />
              </BranchPoints>
              <MethodPoint vc="21" uspid="0" p8:type="SequencePoint" ordinal="9" offset="9" sc="0" sl="44" ec="1" el="75" bec="0" bev="0" fileid="5" xmlns:p8="xsi" />
            </Method>
            <Method cyclomaticComplexity="2" nPathComplexity="0" sequenceCoverage="100" branchCoverage="100" isConstructor="True" isGetter="False" isSetter="False" isStatic="True">
              <Summary numSequencePoints="8" visitedSequencePoints="8" numBranchPoints="2" visitedBranchPoints="2" sequenceCoverage="100" branchCoverage="100" maxCyclomaticComplexity="2" minCyclomaticComplexity="2" visitedClasses="0" numClasses="0" visitedMethods="1" numMethods="1" />
              <MetadataToken />
              <Name>System.Void TaskIt.Dotnet.Versions.Types.Modifier::.ctor(System.String,System.String,System.Nullable`1&lt;System.Int32&gt;)</Name>
              <FileRef uid="5" />
              <SequencePoints>
                <SequencePoint vc="7" uspid="82" ordinal="0" sl="82" sc="1" el="82" ec="2" bec="0" bev="0" fileid="5" />
                <SequencePoint vc="5" uspid="83" ordinal="1" sl="83" sc="1" el="83" ec="2" bec="0" bev="0" fileid="5" />
                <SequencePoint vc="5" uspid="84" ordinal="2" sl="84" sc="1" el="84" ec="2" bec="0" bev="0" fileid="5" />
                <SequencePoint vc="5" uspid="85" ordinal="3" sl="85" sc="1" el="85" ec="2" bec="0" bev="0" fileid="5" />
                <SequencePoint vc="3" uspid="86" ordinal="4" sl="86" sc="1" el="86" ec="2" bec="0" bev="0" fileid="5" />
                <SequencePoint vc="3" uspid="87" ordinal="5" sl="87" sc="1" el="87" ec="2" bec="0" bev="0" fileid="5" />
                <SequencePoint vc="3" uspid="88" ordinal="6" sl="88" sc="1" el="88" ec="2" bec="0" bev="0" fileid="5" />
                <SequencePoint vc="5" uspid="89" ordinal="7" sl="89" sc="1" el="89" ec="2" bec="0" bev="0" fileid="5" />
              </SequencePoints>
              <BranchPoints>
                <BranchPoint vc="3" uspid="85" ordinal="0" path="0" offset="26" offsetend="28" sl="85" fileid="5" />
                <BranchPoint vc="5" uspid="85" ordinal="1" path="1" offset="26" offsetend="49" sl="85" fileid="5" />
              </BranchPoints>
              <MethodPoint vc="8" uspid="0" p8:type="SequencePoint" ordinal="10" offset="10" sc="0" sl="82" ec="1" el="89" bec="0" bev="0" fileid="5" xmlns:p8="xsi" />
            </Method>
          </Methods>
        </Class>
        <Class>
          <Summary numSequencePoints="74" visitedSequencePoints="71" numBranchPoints="20" visitedBranchPoints="19" sequenceCoverage="95.94" branchCoverage="95" maxCyclomaticComplexity="6" minCyclomaticComplexity="1" visitedClasses="1" numClasses="1" visitedMethods="13" numMethods="13" />
          <FullName>TaskIt.Dotnet.Versions.Types.ProjectVersion</FullName>
          <Methods>
            <Method cyclomaticComplexity="1" nPathComplexity="0" sequenceCoverage="100" branchCoverage="100" isConstructor="False" isGetter="True" isSetter="False" isStatic="True">
              <Summary numSequencePoints="1" visitedSequencePoints="1" numBranchPoints="0" visitedBranchPoints="0" sequenceCoverage="100" branchCoverage="100" maxCyclomaticComplexity="1" minCyclomaticComplexity="1" visitedClasses="0" numClasses="0" visitedMethods="1" numMethods="1" />
              <MetadataToken />
              <Name>System.Nullable`1&lt;System.Int32&gt; TaskIt.Dotnet.Versions.Types.ProjectVersion::get_Major()</Name>
              <FileRef uid="6" />
              <SequencePoints>
                <SequencePoint vc="97" uspid="20" ordinal="0" sl="20" sc="1" el="20" ec="2" bec="0" bev="0" fileid="6" />
              </SequencePoints>
              <BranchPoints />
              <MethodPoint vc="1" uspid="0" p8:type="SequencePoint" ordinal="0" offset="0" sc="0" sl="20" ec="1" el="20" bec="0" bev="0" fileid="6" xmlns:p8="xsi" />
            </Method>
            <Method cyclomaticComplexity="1" nPathComplexity="0" sequenceCoverage="100" branchCoverage="100" isConstructor="False" isGetter="True" isSetter="False" isStatic="True">
              <Summary numSequencePoints="1" visitedSequencePoints="1" numBranchPoints="0" visitedBranchPoints="0" sequenceCoverage="100" branchCoverage="100" maxCyclomaticComplexity="1" minCyclomaticComplexity="1" visitedClasses="0" numClasses="0" visitedMethods="1" numMethods="1" />
              <MetadataToken />
              <Name>System.Nullable`1&lt;System.Int32&gt; TaskIt.Dotnet.Versions.Types.ProjectVersion::get_Minor()</Name>
              <FileRef uid="6" />
              <SequencePoints>
                <SequencePoint vc="95" uspid="25" ordinal="0" sl="25" sc="1" el="25" ec="2" bec="0" bev="0" fileid="6" />
              </SequencePoints>
              <BranchPoints />
              <MethodPoint vc="1" uspid="0" p8:type="SequencePoint" ordinal="1" offset="1" sc="0" sl="25" ec="1" el="25" bec="0" bev="0" fileid="6" xmlns:p8="xsi" />
            </Method>
            <Method cyclomaticComplexity="1" nPathComplexity="0" sequenceCoverage="100" branchCoverage="100" isConstructor="False" isGetter="True" isSetter="False" isStatic="True">
              <Summary numSequencePoints="1" visitedSequencePoints="1" numBranchPoints="0" visitedBranchPoints="0" sequenceCoverage="100" branchCoverage="100" maxCyclomaticComplexity="1" minCyclomaticComplexity="1" visitedClasses="0" numClasses="0" visitedMethods="1" numMethods="1" />
              <MetadataToken />
              <Name>System.Nullable`1&lt;System.Int32&gt; TaskIt.Dotnet.Versions.Types.ProjectVersion::get_Patch()</Name>
              <FileRef uid="6" />
              <SequencePoints>
                <SequencePoint vc="95" uspid="30" ordinal="0" sl="30" sc="1" el="30" ec="2" bec="0" bev="0" fileid="6" />
              </SequencePoints>
              <BranchPoints />
              <MethodPoint vc="1" uspid="0" p8:type="SequencePoint" ordinal="2" offset="2" sc="0" sl="30" ec="1" el="30" bec="0" bev="0" fileid="6" xmlns:p8="xsi" />
            </Method>
            <Method cyclomaticComplexity="1" nPathComplexity="0" sequenceCoverage="100" branchCoverage="100" isConstructor="False" isGetter="True" isSetter="False" isStatic="True">
              <Summary numSequencePoints="1" visitedSequencePoints="1" numBranchPoints="0" visitedBranchPoints="0" sequenceCoverage="100" branchCoverage="100" maxCyclomaticComplexity="1" minCyclomaticComplexity="1" visitedClasses="0" numClasses="0" visitedMethods="1" numMethods="1" />
              <MetadataToken />
              <Name>System.Nullable`1&lt;System.Int32&gt; TaskIt.Dotnet.Versions.Types.ProjectVersion::get_File()</Name>
              <FileRef uid="6" />
              <SequencePoints>
                <SequencePoint vc="140" uspid="35" ordinal="0" sl="35" sc="1" el="35" ec="2" bec="0" bev="0" fileid="6" />
              </SequencePoints>
              <BranchPoints />
              <MethodPoint vc="1" uspid="0" p8:type="SequencePoint" ordinal="3" offset="3" sc="0" sl="35" ec="1" el="35" bec="0" bev="0" fileid="6" xmlns:p8="xsi" />
            </Method>
            <Method cyclomaticComplexity="1" nPathComplexity="0" sequenceCoverage="100" branchCoverage="100" isConstructor="False" isGetter="True" isSetter="False" isStatic="True">
              <Summary numSequencePoints="1" visitedSequencePoints="1" numBranchPoints="0" visitedBranchPoints="0" sequenceCoverage="100" branchCoverage="100" maxCyclomaticComplexity="1" minCyclomaticComplexity="1" visitedClasses="0" numClasses="0" visitedMethods="1" numMethods="1" />
              <MetadataToken />
              <Name>System.String TaskIt.Dotnet.Versions.Types.ProjectVersion::get_Prerelease()</Name>
              <FileRef uid="6" />
              <SequencePoints>
                <SequencePoint vc="112" uspid="40" ordinal="0" sl="40" sc="1" el="40" ec="2" bec="0" bev="0" fileid="6" />
              </SequencePoints>
              <BranchPoints />
              <MethodPoint vc="1" uspid="0" p8:type="SequencePoint" ordinal="4" offset="4" sc="0" sl="40" ec="1" el="40" bec="0" bev="0" fileid="6" xmlns:p8="xsi" />
            </Method>
            <Method cyclomaticComplexity="1" nPathComplexity="0" sequenceCoverage="100" branchCoverage="100" isConstructor="False" isGetter="True" isSetter="False" isStatic="True">
              <Summary numSequencePoints="1" visitedSequencePoints="1" numBranchPoints="0" visitedBranchPoints="0" sequenceCoverage="100" branchCoverage="100" maxCyclomaticComplexity="1" minCyclomaticComplexity="1" visitedClasses="0" numClasses="0" visitedMethods="1" numMethods="1" />
              <MetadataToken />
              <Name>System.String TaskIt.Dotnet.Versions.Types.ProjectVersion::get_Buildmetadata()</Name>
              <FileRef uid="6" />
              <SequencePoints>
                <SequencePoint vc="110" uspid="45" ordinal="0" sl="45" sc="1" el="45" ec="2" bec="0" bev="0" fileid="6" />
              </SequencePoints>
              <BranchPoints />
              <MethodPoint vc="1" uspid="0" p8:type="SequencePoint" ordinal="5" offset="5" sc="0" sl="45" ec="1" el="45" bec="0" bev="0" fileid="6" xmlns:p8="xsi" />
            </Method>
[...]
                <SequencePoint vc="5" uspid="133" ordinal="10" sl="133" sc="1" el="133" ec="2" bec="0" bev="0" fileid="6" />
                <SequencePoint vc="5" uspid="134" ordinal="11" sl="134" sc="1" el="134" ec="2" bec="0" bev="0" fileid="6" />
              </SequencePoints>
              <BranchPoints>
                <BranchPoint vc="4" uspid="125" ordinal="0" path="0" offset="24" offsetend="26" sl="125" fileid="6" />
                <BranchPoint vc="5" uspid="125" ordinal="1" path="1" offset="24" offsetend="46" sl="125" fileid="6" />
                <BranchPoint vc="3" uspid="129" ordinal="2" path="0" offset="62" offsetend="64" sl="129" fileid="6" />
                <BranchPoint vc="5" uspid="129" ordinal="3" path="1" offset="62" offsetend="84" sl="129" fileid="6" />
              </BranchPoints>
              <MethodPoint vc="12" uspid="0" p8:type="SequencePoint" ordinal="10" offset="10" sc="0" sl="122" ec="1" el="134" bec="0" bev="0" fileid="6" xmlns:p8="xsi" />
            </Method>
            <Method cyclomaticComplexity="6" nPathComplexity="0" sequenceCoverage="100" branchCoverage="100" isConstructor="False" isGetter="False" isSetter="False" isStatic="True">
              <Summary numSequencePoints="23" visitedSequencePoints="23" numBranchPoints="6" visitedBranchPoints="6" sequenceCoverage="100" branchCoverage="100" maxCyclomaticComplexity="6" minCyclomaticComplexity="6" visitedClasses="0" numClasses="0" visitedMethods="1" numMethods="1" />
              <MetadataToken />
              <Name>System.Void TaskIt.Dotnet.Versions.Types.ProjectVersion::Init(System.String)</Name>
              <FileRef uid="6" />
              <SequencePoints>
                <SequencePoint vc="91" uspid="151" ordinal="0" sl="151" sc="1" el="151" ec="2" bec="0" bev="0" fileid="6" />
                <SequencePoint vc="91" uspid="152" ordinal="1" sl="152" sc="1" el="152" ec="2" bec="0" bev="0" fileid="6" />
                <SequencePoint vc="91" uspid="153" ordinal="2" sl="153" sc="1" el="153" ec="2" bec="0" bev="0" fileid="6" />
                <SequencePoint vc="91" uspid="154" ordinal="3" sl="154" sc="1" el="154" ec="2" bec="0" bev="0" fileid="6" />
                <SequencePoint vc="91" uspid="156" ordinal="4" sl="156" sc="1" el="156" ec="2" bec="0" bev="0" fileid="6" />
                <SequencePoint vc="43" uspid="157" ordinal="5" sl="157" sc="1" el="157" ec="2" bec="0" bev="0" fileid="6" />
                <SequencePoint vc="43" uspid="158" ordinal="6" sl="158" sc="1" el="158" ec="2" bec="0" bev="0" fileid="6" />
                <SequencePoint vc="43" uspid="159" ordinal="7" sl="159" sc="1" el="159" ec="2" bec="0" bev="0" fileid="6" />
                <SequencePoint vc="43" uspid="160" ordinal="8" sl="160" sc="1" el="160" ec="2" bec="0" bev="0" fileid="6" />
                <SequencePoint vc="38" uspid="161" ordinal="9" sl="161" sc="1" el="161" ec="2" bec="0" bev="0" fileid="6" />
                <SequencePoint vc="38" uspid="162" ordinal="10" sl="162" sc="1" el="162" ec="2" bec="0" bev="0" fileid="6" />
                <SequencePoint vc="5" uspid="164" ordinal="11" sl="164" sc="1" el="164" ec="2" bec="0" bev="0" fileid="6" />
                <SequencePoint vc="53" uspid="166" ordinal="12" sl="166" sc="1" el="166" ec="2" bec="0" bev="0" fileid="6" />
                <SequencePoint vc="53" uspid="167" ordinal="13" sl="167" sc="1" el="167" ec="2" bec="0" bev="0" fileid="6" />
                <SequencePoint vc="53" uspid="168" ordinal="14" sl="168" sc="1" el="168" ec="2" bec="0" bev="0" fileid="6" />
                <SequencePoint vc="53" uspid="169" ordinal="15" sl="169" sc="1" el="169" ec="2" bec="0" bev="0" fileid="6" />
                <SequencePoint vc="53" uspid="170" ordinal="16" sl="170" sc="1" el="170" ec="2" bec="0" bev="0" fileid="6" />
                <SequencePoint vc="5" uspid="171" ordinal="17" sl="171" sc="1" el="171" ec="2" bec="0" bev="0" fileid="6" />
                <SequencePoint vc="5" uspid="172" ordinal="18" sl="172" sc="1" el="172" ec="2" bec="0" bev="0" fileid="6" />
                <SequencePoint vc="5" uspid="173" ordinal="19" sl="173" sc="1" el="173" ec="2" bec="0" bev="0" fileid="6" />
                <SequencePoint vc="53" uspid="175" ordinal="20" sl="175" sc="1" el="175" ec="2" bec="0" bev="0" fileid="6" />
                <SequencePoint vc="53" uspid="176" ordinal="21" sl="176" sc="1" el="176" ec="2" bec="0" bev="0" fileid="6" />
                <SequencePoint vc="53" uspid="177" ordinal="22" sl="177" sc="1" el="177" ec="2" bec="0" bev="0" fileid="6" />
              </SequencePoints>
              <BranchPoints>
                <BranchPoint vc="43" uspid="156" ordinal="0" path="0" offset="53" offsetend="55" sl="156" fileid="6" />
                <BranchPoint vc="38" uspid="160" ordinal="2" path="0" offset="101" offsetend="103" sl="160" fileid="6" />
                <BranchPoint vc="5" uspid="160" ordinal="3" path="1" offset="101" offsetend="121" sl="160" fileid="6" />
                <BranchPoint vc="53" uspid="156" ordinal="1" path="1" offset="53" offsetend="122" sl="156" fileid="6" />
                <BranchPoint vc="5" uspid="170" ordinal="4" path="0" offset="235" offsetend="237" sl="170" fileid="6" />
                <BranchPoint vc="53" uspid="170" ordinal="5" path="1" offset="235" offsetend="247" sl="170" fileid="6" />
              </BranchPoints>
              <MethodPoint vc="23" uspid="0" p8:type="SequencePoint" ordinal="11" offset="11" sc="0" sl="151" ec="1" el="177" bec="0" bev="0" fileid="6" xmlns:p8="xsi" />
            </Method>
            <Method cyclomaticComplexity="1" nPathComplexity="0" sequenceCoverage="100" branchCoverage="100" isConstructor="True" isGetter="False" isSetter="False" isStatic="True">
              <Summary numSequencePoints="4" visitedSequencePoints="4" numBranchPoints="0" visitedBranchPoints="0" sequenceCoverage="100" branchCoverage="100" maxCyclomaticComplexity="1" minCyclomaticComplexity="1" visitedClasses="0" numClasses="0" visitedMethods="1" numMethods="1" />
              <MetadataToken />
              <Name>System.Void TaskIt.Dotnet.Versions.Types.ProjectVersion::.ctor(System.String)</Name>
              <FileRef uid="6" />
              <SequencePoints>
                <SequencePoint vc="86" uspid="141" ordinal="0" sl="141" sc="1" el="141" ec="2" bec="0" bev="0" fileid="6" />
                <SequencePoint vc="86" uspid="142" ordinal="1" sl="142" sc="1" el="142" ec="2" bec="0" bev="0" fileid="6" />
                <SequencePoint vc="86" uspid="143" ordinal="2" sl="143" sc="1" el="143" ec="2" bec="0" bev="0" fileid="6" />
                <SequencePoint vc="48" uspid="144" ordinal="3" sl="144" sc="1" el="144" ec="2" bec="0" bev="0" fileid="6" />
              </SequencePoints>
              <BranchPoints />
              <MethodPoint vc="4" uspid="0" p8:type="SequencePoint" ordinal="12" offset="12" sc="0" sl="141" ec="1" el="144" bec="0" bev="0" fileid="6" xmlns:p8="xsi" />
            </Method>
          </Methods>
        </Class>
        <Class>
          <Summary numSequencePoints="10" visitedSequencePoints="7" numBranchPoints="0" visitedBranchPoints="0" sequenceCoverage="70" branchCoverage="100" maxCyclomaticComplexity="1" minCyclomaticComplexity="1" visitedClasses="1" numClasses="1" visitedMethods="3" numMethods="4" />
          <FullName>TaskIt.Dotnet.Versions.Types.Result</FullName>
          <Methods>
            <Method cyclomaticComplexity="1" nPathComplexity="0" sequenceCoverage="100" branchCoverage="100" isConstructor="False" isGetter="True" isSetter="False" isStatic="True">
              <Summary numSequencePoints="1" visitedSequencePoints="1" numBranchPoints="0" visitedBranchPoints="0" sequenceCoverage="100" branchCoverage="100" maxCyclomaticComplexity="1" minCyclomaticComplexity="1" visitedClasses="0" numClasses="0" visitedMethods="1" numMethods="1" />
              <MetadataToken />
              <Name>TaskIt.Dotnet.Versions.Types.EExitCode TaskIt.Dotnet.Versions.Types.Result::get_Code()</Name>
              <FileRef uid="7" />
              <SequencePoints>
                <SequencePoint vc="8" uspid="11" ordinal="0" sl="11" sc="1" el="11" ec="2" bec="0" bev="0" fileid="7" />
              </SequencePoints>
              <BranchPoints />
              <MethodPoint vc="1" uspid="0" p8:type="SequencePoint" ordinal="0" offset="0" sc="0" sl="11" ec="1" el="11" bec="0" bev="0" fileid="7" xmlns:p8="xsi" />
            </Method>
            <Method cyclomaticComplexity="1" nPathComplexity="0" sequenceCoverage="100" branchCoverage="100" isConstructor="False" isGetter="True" isSetter="False" isStatic="True">
              <Summary numSequencePoints="1" visitedSequencePoints="1" numBranchPoints="0" visitedBranchPoints="0" sequenceCoverage="100" branchCoverage="100" maxCyclomaticComplexity="1" minCyclomaticComplexity="1" visitedClasses="0" numClasses="0" visitedMethods="1" numMethods="1" />
              <MetadataToken />
              <Name>System.String TaskIt.Dotnet.Versions.Types.Result::get_Message()</Name>
              <FileRef uid="7" />
              <SequencePoints>
                <SequencePoint vc="4" uspid="16" ordinal="0" sl="16" sc="1" el="16" ec="2" bec="0" bev="0" fileid="7" />
              </SequencePoints>
              <BranchPoints />
              <MethodPoint vc="1" uspid="0" p8:type="SequencePoint" ordinal="1" offset="1" sc="0" sl="16" ec="1" el="16" bec="0" bev="0" fileid="7" xmlns:p8="xsi" />
            </Method>
            <Method cyclomaticComplexity="1" nPathComplexity="0" sequenceCoverage="0" branchCoverage="100" isConstructor="True" isGetter="False" isSetter="False" isStatic="True">
              <Summary numSequencePoints="3" visitedSequencePoints="0" numBranchPoints="0" visitedBranchPoints="0" sequenceCoverage="0" branchCoverage="100" maxCyclomaticComplexity="1" minCyclomaticComplexity="1" visitedClasses="0" numClasses="0" visitedMethods="0" numMethods="1" />
              <MetadataToken />
              <Name>System.Void TaskIt.Dotnet.Versions.Types.Result::.ctor()</Name>
              <FileRef uid="7" />
              <SequencePoints>
                <SequencePoint vc="0" uspid="21" ordinal="0" sl="21" sc="1" el="21" ec="2" bec="0" bev="0" fileid="7" />
                <SequencePoint vc="0" uspid="22" ordinal="1" sl="22" sc="1" el="22" ec="2" bec="0" bev="0" fileid="7" />
                <SequencePoint vc="0" uspid="24" ordinal="2" sl="24" sc="1" el="24" ec="2" bec="0" bev="0" fileid="7" />
              </SequencePoints>
              <BranchPoints />
              <MethodPoint vc="0" uspid="0" p8:type="SequencePoint" ordinal="2" offset="2" sc="0" sl="21" ec="1" el="24" bec="0" bev="0" fileid="7" xmlns:p8="xsi" />
            </Method>
            <Method cyclomaticComplexity="1" nPathComplexity="0" sequenceCoverage="100" branchCoverage="100" isConstructor="True" isGetter="False" isSetter="False" isStatic="True">
              <Summary numSequencePoints="5" visitedSequencePoints="5" numBranchPoints="0" visitedBranchPoints="0" sequenceCoverage="100" branchCoverage="100" maxCyclomaticComplexity="1" minCyclomaticComplexity="1" visitedClasses="0" numClasses="0" visitedMethods="1" numMethods="1" />
              <MetadataToken />
              <Name>System.Void TaskIt.Dotnet.Versions.Types.Result::.ctor(TaskIt.Dotnet.Versions.Types.EExitCode,System.String)</Name>
              <FileRef uid="7" />
              <SequencePoints>
                <SequencePoint vc="2" uspid="31" ordinal="0" sl="31" sc="1" el="31" ec="2" bec="0" bev="0" fileid="7" />
                <SequencePoint vc="2" uspid="32" ordinal="1" sl="32" sc="1" el="32" ec="2" bec="0" bev="0" fileid="7" />
                <SequencePoint vc="2" uspid="33" ordinal="2" sl="33" sc="1" el="33" ec="2" bec="0" bev="0" fileid="7" />
                <SequencePoint vc="2" uspid="34" ordinal="3" sl="34" sc="1" el="34" ec="2" bec="0" bev="0" fileid="7" />
                <SequencePoint vc="2" uspid="35" ordinal="4" sl="35" sc="1" el="35" ec="2" bec="0" bev="0" fileid="7" />
              </SequencePoints>
              <BranchPoints />
              <MethodPoint vc="5" uspid="0" p8:type="SequencePoint" ordinal="3" offset="3" sc="0" sl="31" ec="1" el="35" bec="0" bev="0" fileid="7" xmlns:p8="xsi" />
            </Method>
          </Methods>
        </Class>
        <Class>
          <Summary numSequencePoints="2" visitedSequencePoints="2" numBranchPoints="0" visitedBranchPoints="0" sequenceCoverage="100" branchCoverage="100" maxCyclomaticComplexity="1" minCyclomaticComplexity="1" visitedClasses="1" numClasses="1" visitedMethods="2" numMethods="2" />
          <FullName>TaskIt.Dotnet.Versions.Options.BaseOptions</FullName>
          <Methods>
            <Method cyclomaticComplexity="1" nPathComplexity="0" sequenceCoverage="100" branchCoverage="100" isConstructor="False" isGetter="True" isSetter="False" isStatic="True">
              <Summary numSequencePoints="1" visitedSequencePoints="1" numBranchPoints="0" visitedBranchPoints="0" sequenceCoverage="100" branchCoverage="100" maxCyclomaticComplexity="1" minCyclomaticComplexity="1" visitedClasses="0" numClasses="0" visitedMethods="1" numMethods="1" />
              <MetadataToken />
              <Name>System.String TaskIt.Dotnet.Versions.Options.BaseOptions::get_Filename()</Name>
              <FileRef uid="8" />
              <SequencePoints>
                <SequencePoint vc="6" uspid="14" ordinal="0" sl="14" sc="1" el="14" ec="2" bec="0" bev="0" fileid="8" />
              </SequencePoints>
              <BranchPoints />
              <MethodPoint vc="1" uspid="0" p8:type="SequencePoint" ordinal="0" offset="0" sc="0" sl="14" ec="1" el="14" bec="0" bev="0" fileid="8" xmlns:p8="xsi" />
            </Method>
            <Method cyclomaticComplexity="1" nPathComplexity="0" sequenceCoverage="100" branchCoverage="100" isConstructor="False" isGetter="True" isSetter="False" isStatic="True">
              <Summary numSequencePoints="1" visitedSequencePoints="1" numBranchPoints="0" visitedBranchPoints="0" sequenceCoverage="100" branchCoverage="100" maxCyclomaticComplexity="1" minCyclomaticComplexity="1" visitedClasses="0" numClasses="0" visitedMethods="1" numMethods="1" />
              <MetadataToken />
              <Name>System.Boolean TaskIt.Dotnet.Versions.Options.BaseOptions::get_Backup()</Name>
              <FileRef uid="8" />
              <SequencePoints>
                <SequencePoint vc="8" uspid="20" ordinal="0" sl="20" sc="1" el="20" ec="2" bec="0" bev="0" fileid="8" />
              </SequencePoints>
              <BranchPoints />
              <MethodPoint vc="1" uspid="0" p8:type="SequencePoint" ordinal="1" offset="1" sc="0" sl="20" ec="1" el="20" bec="0" bev="0" fileid="8" xmlns:p8="xsi" />
            </Method>
          </Methods>
        </Class>
        <Class>
          <Summary numSequencePoints="3" visitedSequencePoints="3" numBranchPoints="0" visitedBranchPoints="0" sequenceCoverage="100" branchCoverage="100" maxCyclomaticComplexity="1" minCyclomaticComplexity="1" visitedClasses="1" numClasses="1" visitedMethods="3" numMethods="3" />
          <FullName>TaskIt.Dotnet.Versions.Options.ModOptions</FullName>
          <Methods>
            <Method cyclomaticComplexity="1" nPathComplexity="0" sequenceCoverage="100" branchCoverage="100" isConstructor="False" isGetter="True" isSetter="False" isStatic="True">
              <Summary numSequencePoints="1" visitedSequencePoints="1" numBranchPoints="0" visitedBranchPoints="0" sequenceCoverage="100" branchCoverage="100" maxCyclomaticComplexity="1" minCyclomaticComplexity="1" visitedClasses="0" numClasses="0" visitedMethods="1" numMethods="1" />
              <MetadataToken />
              <Name>System.String TaskIt.Dotnet.Versions.Options.ModOptions::get_Version()</Name>
              <FileRef uid="9" />
              <SequencePoints>
                <SequencePoint vc="4" uspid="9" ordinal="0" sl="9" sc="1" el="9" ec="2" bec="0" bev="0" fileid="9" />
              </SequencePoints>
              <BranchPoints />
              <MethodPoint vc="1" uspid="0" p8:type="SequencePoint" ordinal="0" offset="0" sc="0" sl="9" ec="1" el="9" bec="0" bev="0" fileid="9" xmlns:p8="xsi" />
            </Method>
            <Method cyclomaticComplexity="1" nPathComplexity="0" sequenceCoverage="100" branchCoverage="100" isConstructor="False" isGetter="True" isSetter="False" isStatic="True">
              <Summary numSequencePoints="1" visitedSequencePoints="1" numBranchPoints="0" visitedBranchPoints="0" sequenceCoverage="100" branchCoverage="100" maxCyclomaticComplexity="1" minCyclomaticComplexity="1" visitedClasses="0" numClasses="0" visitedMethods="1" numMethods="1" />
              <MetadataToken />
              <Name>System.String TaskIt.Dotnet.Versions.Options.ModOptions::get_SemverPattern()</Name>
              <FileRef uid="9" />
              <SequencePoints>
                <SequencePoint vc="2" uspid="12" ordinal="0" sl="12" sc="1" el="12" ec="2" bec="0" bev="0" fileid="9" />
              </SequencePoints>
              <BranchPoints />
              <MethodPoint vc="1" uspid="0" p8:type="SequencePoint" ordinal="1" offset="1" sc="0" sl="12" ec="1" el="12" bec="0" bev="0" fileid="9" xmlns:p8="xsi" />
            </Method>
            <Method cyclomaticComplexity="1" nPathComplexity="0" sequenceCoverage="100" branchCoverage="100" isConstructor="False" isGetter="True" isSetter="False" isStatic="True">
              <Summary numSequencePoints="1" visitedSequencePoints="1" numBranchPoints="0" visitedBranchPoints="0" sequenceCoverage="100" branchCoverage="100" maxCyclomaticComplexity="1" minCyclomaticComplexity="1" visitedClasses="0" numClasses="0" visitedMethods="1" numMethods="1" />
              <MetadataToken />
              <Name>System.Nullable`1&lt;System.Int32&gt; TaskIt.Dotnet.Versions.Options.ModOptions::get_Semver()</Name>
              <FileRef uid="9" />
              <SequencePoints>
                <SequencePoint vc="2" uspid="15" ordinal="0" sl="15" sc="1" el="15" ec="2" bec="0" bev="0" fileid="9" />
              </SequencePoints>
              <BranchPoints />
              <MethodPoint vc="1" uspid="0" p8:type="SequencePoint" ordinal="2" offset="2" sc="0" sl="15" ec="1" el="15" bec="0" bev="0" fileid="9" xmlns:p8="xsi" />
            </Method>
          </Methods>
        </Class>
        <Class>
          <Summary numSequencePoints="1" visitedSequencePoints="1" numBranchPoints="0" visitedBranchPoints="0" sequenceCoverage="100" branchCoverage="100" maxCyclomaticComplexity="1" minCyclomaticComplexity="1" visitedClasses="1" numClasses="1" visitedMethods="1" numMethods="1" />
          <FullName>TaskIt.Dotnet.Versions.Options.SetOptions</FullName>
          <Methods>
            <Method cyclomaticComplexity="1" nPathComplexity="0" sequenceCoverage="100" branchCoverage="100" isConstructor="False" isGetter="True" isSetter="False" isStatic="True">
              <Summary numSequencePoints="1" visitedSequencePoints="1" numBranchPoints="0" visitedBranchPoints="0" sequenceCoverage="100" branchCoverage="100" maxCyclomaticComplexity="1" minCyclomaticComplexity="1" visitedClasses="0" numClasses="0" visitedMethods="1" numMethods="1" />
              <MetadataToken />
              <Name>System.String TaskIt.Dotnet.Versions.Options.SetOptions::get_Version()</Name>
              <FileRef uid="10" />
              <SequencePoints>
                <SequencePoint vc="4" uspid="13" ordinal="0" sl="13" sc="1" el="13" ec="2" bec="0" bev="0" fileid="10" />
              </SequencePoints>
              <BranchPoints />
              <MethodPoint vc="1" uspid="0" p8:type="SequencePoint" ordinal="0" offset="0" sc="0" sl="13" ec="1" el="13" bec="0" bev="0" fileid="10" xmlns:p8="xsi" />
            </Method>
          </Methods>
        </Class>
      </Classes>
    </Module>
  </Modules>
</CoverageSession>